

Started GET "/doggie_daycare/index.html" for ::1 at 2016-02-14 20:35:16 -0600

ActionController::RoutingError (No route matches [GET] "/doggie_daycare/index.html"):
  actionpack (4.2.5) lib/action_dispatch/middleware/debug_exceptions.rb:21:in `call'
  web-console (2.3.0) lib/web_console/middleware.rb:28:in `block in call'
  web-console (2.3.0) lib/web_console/middleware.rb:18:in `catch'
  web-console (2.3.0) lib/web_console/middleware.rb:18:in `call'
  actionpack (4.2.5) lib/action_dispatch/middleware/show_exceptions.rb:30:in `call'
  railties (4.2.5) lib/rails/rack/logger.rb:38:in `call_app'
  railties (4.2.5) lib/rails/rack/logger.rb:20:in `block in call'
  activesupport (4.2.5) lib/active_support/tagged_logging.rb:68:in `block in tagged'
  activesupport (4.2.5) lib/active_support/tagged_logging.rb:26:in `tagged'
  activesupport (4.2.5) lib/active_support/tagged_logging.rb:68:in `tagged'
  railties (4.2.5) lib/rails/rack/logger.rb:20:in `call'
  actionpack (4.2.5) lib/action_dispatch/middleware/request_id.rb:21:in `call'
  rack (1.6.4) lib/rack/methodoverride.rb:22:in `call'
  rack (1.6.4) lib/rack/runtime.rb:18:in `call'
  activesupport (4.2.5) lib/active_support/cache/strategy/local_cache_middleware.rb:28:in `call'
  rack (1.6.4) lib/rack/lock.rb:17:in `call'
  actionpack (4.2.5) lib/action_dispatch/middleware/static.rb:116:in `call'
  rack (1.6.4) lib/rack/sendfile.rb:113:in `call'
  railties (4.2.5) lib/rails/engine.rb:518:in `call'
  railties (4.2.5) lib/rails/application.rb:165:in `call'
  rack (1.6.4) lib/rack/lock.rb:17:in `call'
  rack (1.6.4) lib/rack/content_length.rb:15:in `call'
  rack (1.6.4) lib/rack/handler/webrick.rb:88:in `service'
  /Users/cupcake3/.rvm/rubies/ruby-2.2.1/lib/ruby/2.2.0/webrick/httpserver.rb:138:in `service'
  /Users/cupcake3/.rvm/rubies/ruby-2.2.1/lib/ruby/2.2.0/webrick/httpserver.rb:94:in `run'
  /Users/cupcake3/.rvm/rubies/ruby-2.2.1/lib/ruby/2.2.0/webrick/server.rb:294:in `block in start_thread'


  Rendered /Users/cupcake3/.rvm/gems/ruby-2.2.1/gems/actionpack-4.2.5/lib/action_dispatch/middleware/templates/rescues/_trace.html.erb (2.3ms)
  Rendered /Users/cupcake3/.rvm/gems/ruby-2.2.1/gems/actionpack-4.2.5/lib/action_dispatch/middleware/templates/routes/_route.html.erb (1.0ms)
  Rendered /Users/cupcake3/.rvm/gems/ruby-2.2.1/gems/actionpack-4.2.5/lib/action_dispatch/middleware/templates/routes/_table.html.erb (18.7ms)
  Rendered /Users/cupcake3/.rvm/gems/ruby-2.2.1/gems/actionpack-4.2.5/lib/action_dispatch/middleware/templates/rescues/_request_and_response.html.erb (14.6ms)
  Rendered /Users/cupcake3/.rvm/gems/ruby-2.2.1/gems/actionpack-4.2.5/lib/action_dispatch/middleware/templates/rescues/routing_error.html.erb within rescues/layout (133.2ms)
  Rendered /Users/cupcake3/.rvm/gems/ruby-2.2.1/gems/web-console-2.3.0/lib/web_console/templates/_markup.html.erb (0.4ms)
  Rendered /Users/cupcake3/.rvm/gems/ruby-2.2.1/gems/web-console-2.3.0/lib/web_console/templates/_inner_console_markup.html.erb within layouts/inlined_string (0.3ms)
  Rendered /Users/cupcake3/.rvm/gems/ruby-2.2.1/gems/web-console-2.3.0/lib/web_console/templates/_prompt_box_markup.html.erb within layouts/inlined_string (0.3ms)
  Rendered /Users/cupcake3/.rvm/gems/ruby-2.2.1/gems/web-console-2.3.0/lib/web_console/templates/style.css.erb within layouts/inlined_string (0.7ms)
  Rendered /Users/cupcake3/.rvm/gems/ruby-2.2.1/gems/web-console-2.3.0/lib/web_console/templates/console.js.erb within layouts/javascript (84.5ms)
  Rendered /Users/cupcake3/.rvm/gems/ruby-2.2.1/gems/web-console-2.3.0/lib/web_console/templates/main.js.erb within layouts/javascript (0.3ms)
  Rendered /Users/cupcake3/.rvm/gems/ruby-2.2.1/gems/web-console-2.3.0/lib/web_console/templates/error_page.js.erb within layouts/javascript (0.7ms)
  Rendered /Users/cupcake3/.rvm/gems/ruby-2.2.1/gems/web-console-2.3.0/lib/web_console/templates/index.html.erb (163.4ms)


Started GET "/" for ::1 at 2016-02-14 20:36:35 -0600
Processing by DogCareController#index as HTML
  Rendered dog_care/index.html.erb within layouts/application (0.3ms)
Completed 200 OK in 1925ms (Views: 1923.5ms | ActiveRecord: 0.0ms)


Started GET "/assets/dog_care.self-e3b0c44298fc1c149afbf4c8996fb92427ae41e4649b934ca495991b7852b855.css?body=1" for ::1 at 2016-02-14 20:36:37 -0600


Started GET "/assets/dog_care.self-877aef30ae1b040ab8a3aba4e3e309a11d7f2612f44dde450b5c157aa5f95c05.js?body=1" for ::1 at 2016-02-14 20:36:37 -0600


Started GET "/" for ::1 at 2016-02-14 20:39:39 -0600
Processing by DogCareController#index as HTML
  Rendered dog_care/index.html.erb within layouts/application (0.4ms)
Completed 200 OK in 39ms (Views: 38.2ms | ActiveRecord: 0.0ms)


Started GET "/assets/application.self-e80e8f2318043e8af94dddc2adad5a4f09739a8ebb323b3ab31cd71d45fd9113.css?body=1" for ::1 at 2016-02-14 20:39:39 -0600


Started GET "/assets/jquery_ujs.self-d602bdfe68ffc63b9f9cc512872aa3cfff046228a0a36e90dd476e8ef54c1b09.js?body=1" for ::1 at 2016-02-14 20:39:39 -0600


Started GET "/assets/jquery.self-c64a74367bda6ef8b860f19e74df08927ca99d2be2ac934e9e92d5fd361e0da4.js?body=1" for ::1 at 2016-02-14 20:39:39 -0600


Started GET "/assets/turbolinks.self-c37727e9bd6b2735da5c311aa83fead54ed0be6cc8bd9a65309e9c5abe2cbfff.js?body=1" for ::1 at 2016-02-14 20:39:39 -0600


Started GET "/assets/application.self-3b8dabdc891efe46b9a144b400ad69e37d7e5876bdc39dee783419a69d7ca819.js?body=1" for ::1 at 2016-02-14 20:39:39 -0600


Started GET "/assets/dog_care.self-877aef30ae1b040ab8a3aba4e3e309a11d7f2612f44dde450b5c157aa5f95c05.js?body=1" for ::1 at 2016-02-14 20:39:39 -0600


Started GET "/assets/dog_care.self-e3b0c44298fc1c149afbf4c8996fb92427ae41e4649b934ca495991b7852b855.css?body=1" for ::1 at 2016-02-14 20:39:39 -0600


Started GET "/" for ::1 at 2016-02-14 20:39:41 -0600
Processing by DogCareController#index as HTML
  Rendered dog_care/index.html.erb within layouts/application (0.0ms)
Completed 200 OK in 32ms (Views: 31.3ms | ActiveRecord: 0.0ms)


Started GET "/assets/dog_care.self-e3b0c44298fc1c149afbf4c8996fb92427ae41e4649b934ca495991b7852b855.css?body=1" for ::1 at 2016-02-14 20:39:41 -0600


Started GET "/assets/jquery.self-c64a74367bda6ef8b860f19e74df08927ca99d2be2ac934e9e92d5fd361e0da4.js?body=1" for ::1 at 2016-02-14 20:39:41 -0600


Started GET "/assets/application.self-e80e8f2318043e8af94dddc2adad5a4f09739a8ebb323b3ab31cd71d45fd9113.css?body=1" for ::1 at 2016-02-14 20:39:41 -0600


Started GET "/assets/jquery_ujs.self-d602bdfe68ffc63b9f9cc512872aa3cfff046228a0a36e90dd476e8ef54c1b09.js?body=1" for ::1 at 2016-02-14 20:39:41 -0600


Started GET "/assets/turbolinks.self-c37727e9bd6b2735da5c311aa83fead54ed0be6cc8bd9a65309e9c5abe2cbfff.js?body=1" for ::1 at 2016-02-14 20:39:41 -0600


Started GET "/assets/dog_care.self-877aef30ae1b040ab8a3aba4e3e309a11d7f2612f44dde450b5c157aa5f95c05.js?body=1" for ::1 at 2016-02-14 20:39:41 -0600


Started GET "/assets/application.self-3b8dabdc891efe46b9a144b400ad69e37d7e5876bdc39dee783419a69d7ca819.js?body=1" for ::1 at 2016-02-14 20:39:41 -0600


Started GET "/" for ::1 at 2016-02-14 20:40:21 -0600
Processing by DogCareController#index as HTML
  Rendered dog_care/index.html.erb within layouts/application (0.3ms)
Completed 200 OK in 30ms (Views: 30.0ms | ActiveRecord: 0.0ms)


Started GET "/" for ::1 at 2016-02-14 20:48:08 -0600
Processing by DogCareController#index as HTML
  Rendered dog_care/index.html.erb within layouts/application (0.4ms)
Completed 200 OK in 37ms (Views: 36.7ms | ActiveRecord: 0.0ms)


Started GET "/" for ::1 at 2016-02-14 20:48:45 -0600
Processing by DogCareController#index as HTML
  Rendered dog_care/index.html.erb within layouts/application (0.4ms)
Completed 200 OK in 36ms (Views: 35.4ms | ActiveRecord: 0.0ms)


Started GET "/assets/dog_care.self-e3b0c44298fc1c149afbf4c8996fb92427ae41e4649b934ca495991b7852b855.css?body=1" for ::1 at 2016-02-14 20:48:45 -0600


Started GET "/assets/application.self-e80e8f2318043e8af94dddc2adad5a4f09739a8ebb323b3ab31cd71d45fd9113.css?body=1" for ::1 at 2016-02-14 20:48:45 -0600


Started GET "/assets/jquery.self-c64a74367bda6ef8b860f19e74df08927ca99d2be2ac934e9e92d5fd361e0da4.js?body=1" for ::1 at 2016-02-14 20:48:45 -0600


Started GET "/assets/dog_care.self-877aef30ae1b040ab8a3aba4e3e309a11d7f2612f44dde450b5c157aa5f95c05.js?body=1" for ::1 at 2016-02-14 20:48:45 -0600


Started GET "/assets/turbolinks.self-c37727e9bd6b2735da5c311aa83fead54ed0be6cc8bd9a65309e9c5abe2cbfff.js?body=1" for ::1 at 2016-02-14 20:48:45 -0600


Started GET "/assets/jquery_ujs.self-d602bdfe68ffc63b9f9cc512872aa3cfff046228a0a36e90dd476e8ef54c1b09.js?body=1" for ::1 at 2016-02-14 20:48:45 -0600


Started GET "/assets/application.self-3b8dabdc891efe46b9a144b400ad69e37d7e5876bdc39dee783419a69d7ca819.js?body=1" for ::1 at 2016-02-14 20:48:45 -0600


Started GET "/" for ::1 at 2016-02-14 20:50:43 -0600
Processing by DogCareController#index as HTML
  Rendered dog_care/index.html.erb within layouts/application (0.3ms)
Completed 200 OK in 45ms (Views: 44.4ms | ActiveRecord: 0.0ms)


Started GET "/assets/dog_care.self-e3b0c44298fc1c149afbf4c8996fb92427ae41e4649b934ca495991b7852b855.css?body=1" for ::1 at 2016-02-14 20:50:43 -0600


Started GET "/assets/application.self-e80e8f2318043e8af94dddc2adad5a4f09739a8ebb323b3ab31cd71d45fd9113.css?body=1" for ::1 at 2016-02-14 20:50:43 -0600


Started GET "/assets/jquery.self-c64a74367bda6ef8b860f19e74df08927ca99d2be2ac934e9e92d5fd361e0da4.js?body=1" for ::1 at 2016-02-14 20:50:43 -0600


Started GET "/assets/turbolinks.self-c37727e9bd6b2735da5c311aa83fead54ed0be6cc8bd9a65309e9c5abe2cbfff.js?body=1" for ::1 at 2016-02-14 20:50:43 -0600


Started GET "/assets/jquery_ujs.self-d602bdfe68ffc63b9f9cc512872aa3cfff046228a0a36e90dd476e8ef54c1b09.js?body=1" for ::1 at 2016-02-14 20:50:43 -0600


Started GET "/assets/dog_care.self-877aef30ae1b040ab8a3aba4e3e309a11d7f2612f44dde450b5c157aa5f95c05.js?body=1" for ::1 at 2016-02-14 20:50:43 -0600


Started GET "/assets/application.self-3b8dabdc891efe46b9a144b400ad69e37d7e5876bdc39dee783419a69d7ca819.js?body=1" for ::1 at 2016-02-14 20:50:43 -0600


Started GET "/" for ::1 at 2016-02-14 20:51:06 -0600
Processing by DogCareController#index as HTML
  Rendered dog_care/index.html.erb within layouts/application (0.3ms)
Completed 200 OK in 37ms (Views: 36.5ms | ActiveRecord: 0.0ms)


Started GET "/assets/dog_care.self-e3b0c44298fc1c149afbf4c8996fb92427ae41e4649b934ca495991b7852b855.css?body=1" for ::1 at 2016-02-14 20:51:06 -0600


Started GET "/assets/application.self-e80e8f2318043e8af94dddc2adad5a4f09739a8ebb323b3ab31cd71d45fd9113.css?body=1" for ::1 at 2016-02-14 20:51:06 -0600


Started GET "/assets/turbolinks.self-c37727e9bd6b2735da5c311aa83fead54ed0be6cc8bd9a65309e9c5abe2cbfff.js?body=1" for ::1 at 2016-02-14 20:51:06 -0600


Started GET "/assets/dog_care.self-877aef30ae1b040ab8a3aba4e3e309a11d7f2612f44dde450b5c157aa5f95c05.js?body=1" for ::1 at 2016-02-14 20:51:06 -0600


Started GET "/assets/jquery.self-c64a74367bda6ef8b860f19e74df08927ca99d2be2ac934e9e92d5fd361e0da4.js?body=1" for ::1 at 2016-02-14 20:51:06 -0600


Started GET "/assets/jquery_ujs.self-d602bdfe68ffc63b9f9cc512872aa3cfff046228a0a36e90dd476e8ef54c1b09.js?body=1" for ::1 at 2016-02-14 20:51:06 -0600


Started GET "/assets/application.self-3b8dabdc891efe46b9a144b400ad69e37d7e5876bdc39dee783419a69d7ca819.js?body=1" for ::1 at 2016-02-14 20:51:06 -0600


Started GET "/about.html" for ::1 at 2016-02-14 20:51:09 -0600

ActionController::RoutingError (No route matches [GET] "/about.html"):
  actionpack (4.2.5) lib/action_dispatch/middleware/debug_exceptions.rb:21:in `call'
  web-console (2.3.0) lib/web_console/middleware.rb:28:in `block in call'
  web-console (2.3.0) lib/web_console/middleware.rb:18:in `catch'
  web-console (2.3.0) lib/web_console/middleware.rb:18:in `call'
  actionpack (4.2.5) lib/action_dispatch/middleware/show_exceptions.rb:30:in `call'
  railties (4.2.5) lib/rails/rack/logger.rb:38:in `call_app'
  railties (4.2.5) lib/rails/rack/logger.rb:20:in `block in call'
  activesupport (4.2.5) lib/active_support/tagged_logging.rb:68:in `block in tagged'
  activesupport (4.2.5) lib/active_support/tagged_logging.rb:26:in `tagged'
  activesupport (4.2.5) lib/active_support/tagged_logging.rb:68:in `tagged'
  railties (4.2.5) lib/rails/rack/logger.rb:20:in `call'
  actionpack (4.2.5) lib/action_dispatch/middleware/request_id.rb:21:in `call'
  rack (1.6.4) lib/rack/methodoverride.rb:22:in `call'
  rack (1.6.4) lib/rack/runtime.rb:18:in `call'
  activesupport (4.2.5) lib/active_support/cache/strategy/local_cache_middleware.rb:28:in `call'
  rack (1.6.4) lib/rack/lock.rb:17:in `call'
  actionpack (4.2.5) lib/action_dispatch/middleware/static.rb:116:in `call'
  rack (1.6.4) lib/rack/sendfile.rb:113:in `call'
  railties (4.2.5) lib/rails/engine.rb:518:in `call'
  railties (4.2.5) lib/rails/application.rb:165:in `call'
  rack (1.6.4) lib/rack/lock.rb:17:in `call'
  rack (1.6.4) lib/rack/content_length.rb:15:in `call'
  rack (1.6.4) lib/rack/handler/webrick.rb:88:in `service'
  /Users/cupcake3/.rvm/rubies/ruby-2.2.1/lib/ruby/2.2.0/webrick/httpserver.rb:138:in `service'
  /Users/cupcake3/.rvm/rubies/ruby-2.2.1/lib/ruby/2.2.0/webrick/httpserver.rb:94:in `run'
  /Users/cupcake3/.rvm/rubies/ruby-2.2.1/lib/ruby/2.2.0/webrick/server.rb:294:in `block in start_thread'


  Rendered /Users/cupcake3/.rvm/gems/ruby-2.2.1/gems/actionpack-4.2.5/lib/action_dispatch/middleware/templates/rescues/_trace.html.erb (1.6ms)
  Rendered /Users/cupcake3/.rvm/gems/ruby-2.2.1/gems/actionpack-4.2.5/lib/action_dispatch/middleware/templates/routes/_route.html.erb (0.8ms)
  Rendered /Users/cupcake3/.rvm/gems/ruby-2.2.1/gems/actionpack-4.2.5/lib/action_dispatch/middleware/templates/routes/_table.html.erb (1.3ms)
  Rendered /Users/cupcake3/.rvm/gems/ruby-2.2.1/gems/actionpack-4.2.5/lib/action_dispatch/middleware/templates/rescues/_request_and_response.html.erb (1.3ms)
  Rendered /Users/cupcake3/.rvm/gems/ruby-2.2.1/gems/actionpack-4.2.5/lib/action_dispatch/middleware/templates/rescues/routing_error.html.erb within rescues/layout (83.5ms)
  Rendered /Users/cupcake3/.rvm/gems/ruby-2.2.1/gems/web-console-2.3.0/lib/web_console/templates/_markup.html.erb (0.4ms)
  Rendered /Users/cupcake3/.rvm/gems/ruby-2.2.1/gems/web-console-2.3.0/lib/web_console/templates/_inner_console_markup.html.erb within layouts/inlined_string (0.3ms)
  Rendered /Users/cupcake3/.rvm/gems/ruby-2.2.1/gems/web-console-2.3.0/lib/web_console/templates/_prompt_box_markup.html.erb within layouts/inlined_string (0.3ms)
  Rendered /Users/cupcake3/.rvm/gems/ruby-2.2.1/gems/web-console-2.3.0/lib/web_console/templates/style.css.erb within layouts/inlined_string (0.4ms)
  Rendered /Users/cupcake3/.rvm/gems/ruby-2.2.1/gems/web-console-2.3.0/lib/web_console/templates/console.js.erb within layouts/javascript (58.8ms)
  Rendered /Users/cupcake3/.rvm/gems/ruby-2.2.1/gems/web-console-2.3.0/lib/web_console/templates/main.js.erb within layouts/javascript (0.3ms)
  Rendered /Users/cupcake3/.rvm/gems/ruby-2.2.1/gems/web-console-2.3.0/lib/web_console/templates/error_page.js.erb within layouts/javascript (0.6ms)
  Rendered /Users/cupcake3/.rvm/gems/ruby-2.2.1/gems/web-console-2.3.0/lib/web_console/templates/index.html.erb (137.2ms)


Started GET "/about.html" for ::1 at 2016-02-14 20:51:09 -0600

ActionController::RoutingError (No route matches [GET] "/about.html"):
  actionpack (4.2.5) lib/action_dispatch/middleware/debug_exceptions.rb:21:in `call'
  web-console (2.3.0) lib/web_console/middleware.rb:28:in `block in call'
  web-console (2.3.0) lib/web_console/middleware.rb:18:in `catch'
  web-console (2.3.0) lib/web_console/middleware.rb:18:in `call'
  actionpack (4.2.5) lib/action_dispatch/middleware/show_exceptions.rb:30:in `call'
  railties (4.2.5) lib/rails/rack/logger.rb:38:in `call_app'
  railties (4.2.5) lib/rails/rack/logger.rb:20:in `block in call'
  activesupport (4.2.5) lib/active_support/tagged_logging.rb:68:in `block in tagged'
  activesupport (4.2.5) lib/active_support/tagged_logging.rb:26:in `tagged'
  activesupport (4.2.5) lib/active_support/tagged_logging.rb:68:in `tagged'
  railties (4.2.5) lib/rails/rack/logger.rb:20:in `call'
  actionpack (4.2.5) lib/action_dispatch/middleware/request_id.rb:21:in `call'
  rack (1.6.4) lib/rack/methodoverride.rb:22:in `call'
  rack (1.6.4) lib/rack/runtime.rb:18:in `call'
  activesupport (4.2.5) lib/active_support/cache/strategy/local_cache_middleware.rb:28:in `call'
  rack (1.6.4) lib/rack/lock.rb:17:in `call'
  actionpack (4.2.5) lib/action_dispatch/middleware/static.rb:116:in `call'
  rack (1.6.4) lib/rack/sendfile.rb:113:in `call'
  railties (4.2.5) lib/rails/engine.rb:518:in `call'
  railties (4.2.5) lib/rails/application.rb:165:in `call'
  rack (1.6.4) lib/rack/lock.rb:17:in `call'
  rack (1.6.4) lib/rack/content_length.rb:15:in `call'
  rack (1.6.4) lib/rack/handler/webrick.rb:88:in `service'
  /Users/cupcake3/.rvm/rubies/ruby-2.2.1/lib/ruby/2.2.0/webrick/httpserver.rb:138:in `service'
  /Users/cupcake3/.rvm/rubies/ruby-2.2.1/lib/ruby/2.2.0/webrick/httpserver.rb:94:in `run'
  /Users/cupcake3/.rvm/rubies/ruby-2.2.1/lib/ruby/2.2.0/webrick/server.rb:294:in `block in start_thread'


  Rendered /Users/cupcake3/.rvm/gems/ruby-2.2.1/gems/actionpack-4.2.5/lib/action_dispatch/middleware/templates/rescues/_trace.html.erb (1.4ms)
  Rendered /Users/cupcake3/.rvm/gems/ruby-2.2.1/gems/actionpack-4.2.5/lib/action_dispatch/middleware/templates/routes/_route.html.erb (1.1ms)
  Rendered /Users/cupcake3/.rvm/gems/ruby-2.2.1/gems/actionpack-4.2.5/lib/action_dispatch/middleware/templates/routes/_table.html.erb (1.8ms)
  Rendered /Users/cupcake3/.rvm/gems/ruby-2.2.1/gems/actionpack-4.2.5/lib/action_dispatch/middleware/templates/rescues/_request_and_response.html.erb (1.1ms)
  Rendered /Users/cupcake3/.rvm/gems/ruby-2.2.1/gems/actionpack-4.2.5/lib/action_dispatch/middleware/templates/rescues/routing_error.html.erb within rescues/layout (90.5ms)
  Rendered /Users/cupcake3/.rvm/gems/ruby-2.2.1/gems/web-console-2.3.0/lib/web_console/templates/_markup.html.erb (0.4ms)
  Rendered /Users/cupcake3/.rvm/gems/ruby-2.2.1/gems/web-console-2.3.0/lib/web_console/templates/_inner_console_markup.html.erb within layouts/inlined_string (0.3ms)
  Rendered /Users/cupcake3/.rvm/gems/ruby-2.2.1/gems/web-console-2.3.0/lib/web_console/templates/_prompt_box_markup.html.erb within layouts/inlined_string (0.3ms)
  Rendered /Users/cupcake3/.rvm/gems/ruby-2.2.1/gems/web-console-2.3.0/lib/web_console/templates/style.css.erb within layouts/inlined_string (0.4ms)
  Rendered /Users/cupcake3/.rvm/gems/ruby-2.2.1/gems/web-console-2.3.0/lib/web_console/templates/console.js.erb within layouts/javascript (59.2ms)
  Rendered /Users/cupcake3/.rvm/gems/ruby-2.2.1/gems/web-console-2.3.0/lib/web_console/templates/main.js.erb within layouts/javascript (0.3ms)
  Rendered /Users/cupcake3/.rvm/gems/ruby-2.2.1/gems/web-console-2.3.0/lib/web_console/templates/error_page.js.erb within layouts/javascript (0.4ms)
  Rendered /Users/cupcake3/.rvm/gems/ruby-2.2.1/gems/web-console-2.3.0/lib/web_console/templates/index.html.erb (131.2ms)


Started GET "/dog_care/about.html" for ::1 at 2016-02-14 20:51:43 -0600
Processing by DogCareController#about as HTML
  Rendered dog_care/about.html.erb within layouts/application (0.3ms)
Completed 200 OK in 30ms (Views: 30.1ms | ActiveRecord: 0.0ms)


Started GET "/" for ::1 at 2016-02-14 20:52:05 -0600
Processing by DogCareController#index as HTML
  Rendered dog_care/index.html.erb within layouts/application (0.4ms)
Completed 200 OK in 29ms (Views: 28.5ms | ActiveRecord: 0.0ms)


Started GET "/assets/dog_care.self-e3b0c44298fc1c149afbf4c8996fb92427ae41e4649b934ca495991b7852b855.css?body=1" for ::1 at 2016-02-14 20:52:05 -0600


Started GET "/assets/jquery.self-c64a74367bda6ef8b860f19e74df08927ca99d2be2ac934e9e92d5fd361e0da4.js?body=1" for ::1 at 2016-02-14 20:52:05 -0600


Started GET "/assets/application.self-e80e8f2318043e8af94dddc2adad5a4f09739a8ebb323b3ab31cd71d45fd9113.css?body=1" for ::1 at 2016-02-14 20:52:05 -0600


Started GET "/assets/dog_care.self-877aef30ae1b040ab8a3aba4e3e309a11d7f2612f44dde450b5c157aa5f95c05.js?body=1" for ::1 at 2016-02-14 20:52:05 -0600


Started GET "/assets/jquery_ujs.self-d602bdfe68ffc63b9f9cc512872aa3cfff046228a0a36e90dd476e8ef54c1b09.js?body=1" for ::1 at 2016-02-14 20:52:05 -0600


Started GET "/assets/application.self-3b8dabdc891efe46b9a144b400ad69e37d7e5876bdc39dee783419a69d7ca819.js?body=1" for ::1 at 2016-02-14 20:52:05 -0600


Started GET "/assets/turbolinks.self-c37727e9bd6b2735da5c311aa83fead54ed0be6cc8bd9a65309e9c5abe2cbfff.js?body=1" for ::1 at 2016-02-14 20:52:05 -0600


Started GET "/dog_care/about.html" for ::1 at 2016-02-14 20:52:07 -0600
Processing by DogCareController#about as HTML
  Rendered dog_care/about.html.erb within layouts/application (0.1ms)
Completed 200 OK in 29ms (Views: 29.0ms | ActiveRecord: 0.0ms)


Started GET "/dog_care/about.html" for ::1 at 2016-02-14 20:53:12 -0600
Processing by DogCareController#about as HTML
  Rendered dog_care/about.html.erb within layouts/application (0.4ms)
Completed 200 OK in 31ms (Views: 30.9ms | ActiveRecord: 0.0ms)


Started GET "/assets/dog_care.self-e3b0c44298fc1c149afbf4c8996fb92427ae41e4649b934ca495991b7852b855.css?body=1" for ::1 at 2016-02-14 20:53:12 -0600


Started GET "/assets/application.self-e80e8f2318043e8af94dddc2adad5a4f09739a8ebb323b3ab31cd71d45fd9113.css?body=1" for ::1 at 2016-02-14 20:53:12 -0600


Started GET "/assets/jquery.self-c64a74367bda6ef8b860f19e74df08927ca99d2be2ac934e9e92d5fd361e0da4.js?body=1" for ::1 at 2016-02-14 20:53:12 -0600


Started GET "/assets/dog_care.self-877aef30ae1b040ab8a3aba4e3e309a11d7f2612f44dde450b5c157aa5f95c05.js?body=1" for ::1 at 2016-02-14 20:53:12 -0600


Started GET "/assets/application.self-3b8dabdc891efe46b9a144b400ad69e37d7e5876bdc39dee783419a69d7ca819.js?body=1" for ::1 at 2016-02-14 20:53:12 -0600


Started GET "/assets/turbolinks.self-c37727e9bd6b2735da5c311aa83fead54ed0be6cc8bd9a65309e9c5abe2cbfff.js?body=1" for ::1 at 2016-02-14 20:53:12 -0600


Started GET "/assets/jquery_ujs.self-d602bdfe68ffc63b9f9cc512872aa3cfff046228a0a36e90dd476e8ef54c1b09.js?body=1" for ::1 at 2016-02-14 20:53:12 -0600


Started GET "/dog_care/index.html" for ::1 at 2016-02-14 20:53:16 -0600
Processing by DogCareController#index as HTML
  Rendered dog_care/index.html.erb within layouts/application (0.4ms)
Completed 200 OK in 38ms (Views: 37.9ms | ActiveRecord: 0.0ms)


Started GET "/dog_care/about.html" for ::1 at 2016-02-14 20:53:24 -0600
Processing by DogCareController#about as HTML
  Rendered dog_care/about.html.erb within layouts/application (0.1ms)
Completed 200 OK in 31ms (Views: 30.0ms | ActiveRecord: 0.0ms)


Started GET "/dog_care/index.html" for ::1 at 2016-02-14 20:53:25 -0600
Processing by DogCareController#index as HTML
  Rendered dog_care/index.html.erb within layouts/application (0.1ms)
Completed 200 OK in 33ms (Views: 32.2ms | ActiveRecord: 0.0ms)


Started GET "/dog_care/about.html" for ::1 at 2016-02-14 20:53:27 -0600
Processing by DogCareController#about as HTML
  Rendered dog_care/about.html.erb within layouts/application (0.1ms)
Completed 200 OK in 33ms (Views: 32.8ms | ActiveRecord: 0.0ms)


Started GET "/dog_care/about.html" for ::1 at 2016-02-14 20:53:57 -0600
Processing by DogCareController#about as HTML
  Rendered dog_care/about.html.erb within layouts/application (0.4ms)
Completed 200 OK in 32ms (Views: 31.0ms | ActiveRecord: 0.0ms)


Started GET "/assets/dog_care.self-e3b0c44298fc1c149afbf4c8996fb92427ae41e4649b934ca495991b7852b855.css?body=1" for ::1 at 2016-02-14 20:53:57 -0600


Started GET "/assets/application.self-e80e8f2318043e8af94dddc2adad5a4f09739a8ebb323b3ab31cd71d45fd9113.css?body=1" for ::1 at 2016-02-14 20:53:57 -0600


Started GET "/assets/jquery.self-c64a74367bda6ef8b860f19e74df08927ca99d2be2ac934e9e92d5fd361e0da4.js?body=1" for ::1 at 2016-02-14 20:53:57 -0600


Started GET "/assets/dog_care.self-877aef30ae1b040ab8a3aba4e3e309a11d7f2612f44dde450b5c157aa5f95c05.js?body=1" for ::1 at 2016-02-14 20:53:57 -0600


Started GET "/assets/turbolinks.self-c37727e9bd6b2735da5c311aa83fead54ed0be6cc8bd9a65309e9c5abe2cbfff.js?body=1" for ::1 at 2016-02-14 20:53:57 -0600


Started GET "/assets/application.self-3b8dabdc891efe46b9a144b400ad69e37d7e5876bdc39dee783419a69d7ca819.js?body=1" for ::1 at 2016-02-14 20:53:57 -0600


Started GET "/assets/jquery_ujs.self-d602bdfe68ffc63b9f9cc512872aa3cfff046228a0a36e90dd476e8ef54c1b09.js?body=1" for ::1 at 2016-02-14 20:53:57 -0600


Started GET "/dog_care/about.html" for ::1 at 2016-02-14 20:58:20 -0600
Processing by DogCareController#about as HTML
  Rendered dog_care/about.html.erb within layouts/application (0.4ms)
Completed 200 OK in 31ms (Views: 30.9ms | ActiveRecord: 0.0ms)


Started GET "/assets/dog_care.self-e3b0c44298fc1c149afbf4c8996fb92427ae41e4649b934ca495991b7852b855.css?body=1" for ::1 at 2016-02-14 20:58:20 -0600


Started GET "/assets/application.self-e80e8f2318043e8af94dddc2adad5a4f09739a8ebb323b3ab31cd71d45fd9113.css?body=1" for ::1 at 2016-02-14 20:58:20 -0600


Started GET "/assets/jquery.self-c64a74367bda6ef8b860f19e74df08927ca99d2be2ac934e9e92d5fd361e0da4.js?body=1" for ::1 at 2016-02-14 20:58:20 -0600


Started GET "/assets/turbolinks.self-c37727e9bd6b2735da5c311aa83fead54ed0be6cc8bd9a65309e9c5abe2cbfff.js?body=1" for ::1 at 2016-02-14 20:58:20 -0600


Started GET "/assets/jquery_ujs.self-d602bdfe68ffc63b9f9cc512872aa3cfff046228a0a36e90dd476e8ef54c1b09.js?body=1" for ::1 at 2016-02-14 20:58:20 -0600


Started GET "/assets/dog_care.self-877aef30ae1b040ab8a3aba4e3e309a11d7f2612f44dde450b5c157aa5f95c05.js?body=1" for ::1 at 2016-02-14 20:58:20 -0600


Started GET "/assets/application.self-3b8dabdc891efe46b9a144b400ad69e37d7e5876bdc39dee783419a69d7ca819.js?body=1" for ::1 at 2016-02-14 20:58:20 -0600


Started GET "/dog_care/about.html" for ::1 at 2016-02-14 20:58:35 -0600
Processing by DogCareController#about as HTML
  Rendered dog_care/about.html.erb within layouts/application (0.4ms)
Completed 200 OK in 32ms (Views: 32.0ms | ActiveRecord: 0.0ms)


Started GET "/assets/dog_care.self-e3b0c44298fc1c149afbf4c8996fb92427ae41e4649b934ca495991b7852b855.css?body=1" for ::1 at 2016-02-14 20:58:35 -0600


Started GET "/assets/jquery.self-c64a74367bda6ef8b860f19e74df08927ca99d2be2ac934e9e92d5fd361e0da4.js?body=1" for ::1 at 2016-02-14 20:58:35 -0600


Started GET "/assets/turbolinks.self-c37727e9bd6b2735da5c311aa83fead54ed0be6cc8bd9a65309e9c5abe2cbfff.js?body=1" for ::1 at 2016-02-14 20:58:35 -0600


Started GET "/assets/application.self-e80e8f2318043e8af94dddc2adad5a4f09739a8ebb323b3ab31cd71d45fd9113.css?body=1" for ::1 at 2016-02-14 20:58:35 -0600


Started GET "/assets/dog_care.self-877aef30ae1b040ab8a3aba4e3e309a11d7f2612f44dde450b5c157aa5f95c05.js?body=1" for ::1 at 2016-02-14 20:58:35 -0600


Started GET "/assets/jquery_ujs.self-d602bdfe68ffc63b9f9cc512872aa3cfff046228a0a36e90dd476e8ef54c1b09.js?body=1" for ::1 at 2016-02-14 20:58:35 -0600


Started GET "/assets/application.self-3b8dabdc891efe46b9a144b400ad69e37d7e5876bdc39dee783419a69d7ca819.js?body=1" for ::1 at 2016-02-14 20:58:35 -0600


Started GET "/dog_care/about.html" for ::1 at 2016-02-14 20:58:36 -0600
Processing by DogCareController#about as HTML
  Rendered dog_care/about.html.erb within layouts/application (0.0ms)
Completed 200 OK in 29ms (Views: 28.9ms | ActiveRecord: 0.0ms)


Started GET "/assets/dog_care.self-e3b0c44298fc1c149afbf4c8996fb92427ae41e4649b934ca495991b7852b855.css?body=1" for ::1 at 2016-02-14 20:58:37 -0600


Started GET "/assets/application.self-e80e8f2318043e8af94dddc2adad5a4f09739a8ebb323b3ab31cd71d45fd9113.css?body=1" for ::1 at 2016-02-14 20:58:37 -0600


Started GET "/assets/turbolinks.self-c37727e9bd6b2735da5c311aa83fead54ed0be6cc8bd9a65309e9c5abe2cbfff.js?body=1" for ::1 at 2016-02-14 20:58:37 -0600


Started GET "/assets/dog_care.self-877aef30ae1b040ab8a3aba4e3e309a11d7f2612f44dde450b5c157aa5f95c05.js?body=1" for ::1 at 2016-02-14 20:58:37 -0600


Started GET "/assets/jquery.self-c64a74367bda6ef8b860f19e74df08927ca99d2be2ac934e9e92d5fd361e0da4.js?body=1" for ::1 at 2016-02-14 20:58:37 -0600


Started GET "/assets/jquery_ujs.self-d602bdfe68ffc63b9f9cc512872aa3cfff046228a0a36e90dd476e8ef54c1b09.js?body=1" for ::1 at 2016-02-14 20:58:37 -0600


Started GET "/assets/application.self-3b8dabdc891efe46b9a144b400ad69e37d7e5876bdc39dee783419a69d7ca819.js?body=1" for ::1 at 2016-02-14 20:58:37 -0600


Started GET "/dog_care/about.html" for ::1 at 2016-02-14 20:58:49 -0600
Processing by DogCareController#about as HTML
  Rendered dog_care/about.html.erb within layouts/application (0.0ms)
Completed 200 OK in 30ms (Views: 29.8ms | ActiveRecord: 0.0ms)


Started GET "/assets/dog_care.self-e3b0c44298fc1c149afbf4c8996fb92427ae41e4649b934ca495991b7852b855.css?body=1" for ::1 at 2016-02-14 20:58:49 -0600


Started GET "/assets/application.self-e80e8f2318043e8af94dddc2adad5a4f09739a8ebb323b3ab31cd71d45fd9113.css?body=1" for ::1 at 2016-02-14 20:58:49 -0600


Started GET "/assets/jquery.self-c64a74367bda6ef8b860f19e74df08927ca99d2be2ac934e9e92d5fd361e0da4.js?body=1" for ::1 at 2016-02-14 20:58:49 -0600


Started GET "/assets/dog_care.self-877aef30ae1b040ab8a3aba4e3e309a11d7f2612f44dde450b5c157aa5f95c05.js?body=1" for ::1 at 2016-02-14 20:58:49 -0600


Started GET "/assets/jquery_ujs.self-d602bdfe68ffc63b9f9cc512872aa3cfff046228a0a36e90dd476e8ef54c1b09.js?body=1" for ::1 at 2016-02-14 20:58:49 -0600


Started GET "/assets/turbolinks.self-c37727e9bd6b2735da5c311aa83fead54ed0be6cc8bd9a65309e9c5abe2cbfff.js?body=1" for ::1 at 2016-02-14 20:58:49 -0600


Started GET "/assets/application.self-3b8dabdc891efe46b9a144b400ad69e37d7e5876bdc39dee783419a69d7ca819.js?body=1" for ::1 at 2016-02-14 20:58:49 -0600


Started GET "/dog_care/index.html" for ::1 at 2016-02-14 20:58:51 -0600
Processing by DogCareController#index as HTML
  Rendered dog_care/index.html.erb within layouts/application (0.0ms)
Completed 200 OK in 29ms (Views: 28.8ms | ActiveRecord: 0.0ms)


Started GET "/dog_care/index.html" for ::1 at 2016-02-14 21:00:24 -0600
Processing by DogCareController#index as HTML
  Rendered dog_care/index.html.erb within layouts/application (0.4ms)
Completed 200 OK in 31ms (Views: 30.8ms | ActiveRecord: 0.0ms)


Started GET "/assets/dog_care.self-e3b0c44298fc1c149afbf4c8996fb92427ae41e4649b934ca495991b7852b855.css?body=1" for ::1 at 2016-02-14 21:00:24 -0600


Started GET "/assets/application.self-e80e8f2318043e8af94dddc2adad5a4f09739a8ebb323b3ab31cd71d45fd9113.css?body=1" for ::1 at 2016-02-14 21:00:24 -0600


Started GET "/assets/jquery.self-c64a74367bda6ef8b860f19e74df08927ca99d2be2ac934e9e92d5fd361e0da4.js?body=1" for ::1 at 2016-02-14 21:00:24 -0600


Started GET "/assets/dog_care.self-877aef30ae1b040ab8a3aba4e3e309a11d7f2612f44dde450b5c157aa5f95c05.js?body=1" for ::1 at 2016-02-14 21:00:24 -0600


Started GET "/assets/turbolinks.self-c37727e9bd6b2735da5c311aa83fead54ed0be6cc8bd9a65309e9c5abe2cbfff.js?body=1" for ::1 at 2016-02-14 21:00:24 -0600


Started GET "/assets/application.self-3b8dabdc891efe46b9a144b400ad69e37d7e5876bdc39dee783419a69d7ca819.js?body=1" for ::1 at 2016-02-14 21:00:24 -0600


Started GET "/assets/jquery_ujs.self-d602bdfe68ffc63b9f9cc512872aa3cfff046228a0a36e90dd476e8ef54c1b09.js?body=1" for ::1 at 2016-02-14 21:00:25 -0600


Started GET "/dog_care/index.html" for ::1 at 2016-02-14 21:00:38 -0600
Processing by DogCareController#index as HTML
  Rendered dog_care/index.html.erb within layouts/application (0.4ms)
Completed 200 OK in 31ms (Views: 30.7ms | ActiveRecord: 0.0ms)


Started GET "/assets/dog_care.self-e3b0c44298fc1c149afbf4c8996fb92427ae41e4649b934ca495991b7852b855.css?body=1" for ::1 at 2016-02-14 21:00:38 -0600


Started GET "/assets/application.self-e80e8f2318043e8af94dddc2adad5a4f09739a8ebb323b3ab31cd71d45fd9113.css?body=1" for ::1 at 2016-02-14 21:00:38 -0600


Started GET "/assets/dog_care.self-877aef30ae1b040ab8a3aba4e3e309a11d7f2612f44dde450b5c157aa5f95c05.js?body=1" for ::1 at 2016-02-14 21:00:38 -0600


Started GET "/assets/jquery_ujs.self-d602bdfe68ffc63b9f9cc512872aa3cfff046228a0a36e90dd476e8ef54c1b09.js?body=1" for ::1 at 2016-02-14 21:00:38 -0600


Started GET "/assets/jquery.self-c64a74367bda6ef8b860f19e74df08927ca99d2be2ac934e9e92d5fd361e0da4.js?body=1" for ::1 at 2016-02-14 21:00:38 -0600


Started GET "/assets/turbolinks.self-c37727e9bd6b2735da5c311aa83fead54ed0be6cc8bd9a65309e9c5abe2cbfff.js?body=1" for ::1 at 2016-02-14 21:00:38 -0600


Started GET "/assets/application.self-3b8dabdc891efe46b9a144b400ad69e37d7e5876bdc39dee783419a69d7ca819.js?body=1" for ::1 at 2016-02-14 21:00:38 -0600


Started GET "/dog_care/index.html" for ::1 at 2016-02-14 21:01:39 -0600
Processing by DogCareController#index as HTML
  Rendered dog_care/index.html.erb within layouts/application (0.4ms)
Completed 200 OK in 32ms (Views: 31.2ms | ActiveRecord: 0.0ms)


Started GET "/assets/dog_care.self-e3b0c44298fc1c149afbf4c8996fb92427ae41e4649b934ca495991b7852b855.css?body=1" for ::1 at 2016-02-14 21:01:39 -0600


Started GET "/assets/jquery.self-c64a74367bda6ef8b860f19e74df08927ca99d2be2ac934e9e92d5fd361e0da4.js?body=1" for ::1 at 2016-02-14 21:01:39 -0600


Started GET "/assets/application.self-e80e8f2318043e8af94dddc2adad5a4f09739a8ebb323b3ab31cd71d45fd9113.css?body=1" for ::1 at 2016-02-14 21:01:39 -0600


Started GET "/assets/dog_care.self-877aef30ae1b040ab8a3aba4e3e309a11d7f2612f44dde450b5c157aa5f95c05.js?body=1" for ::1 at 2016-02-14 21:01:39 -0600


Started GET "/assets/turbolinks.self-c37727e9bd6b2735da5c311aa83fead54ed0be6cc8bd9a65309e9c5abe2cbfff.js?body=1" for ::1 at 2016-02-14 21:01:39 -0600


Started GET "/assets/jquery_ujs.self-d602bdfe68ffc63b9f9cc512872aa3cfff046228a0a36e90dd476e8ef54c1b09.js?body=1" for ::1 at 2016-02-14 21:01:39 -0600


Started GET "/assets/application.self-3b8dabdc891efe46b9a144b400ad69e37d7e5876bdc39dee783419a69d7ca819.js?body=1" for ::1 at 2016-02-14 21:01:39 -0600


Started GET "/dog_care/about.html" for ::1 at 2016-02-14 21:01:43 -0600
Processing by DogCareController#about as HTML
  Rendered dog_care/about.html.erb within layouts/application (0.3ms)
Completed 200 OK in 36ms (Views: 35.5ms | ActiveRecord: 0.0ms)


Started GET "/dog_care/about.html" for ::1 at 2016-02-14 21:02:04 -0600
Processing by DogCareController#about as HTML
  Rendered dog_care/about.html.erb within layouts/application (0.3ms)
Completed 200 OK in 32ms (Views: 31.2ms | ActiveRecord: 0.0ms)


Started GET "/assets/dog_care.self-e3b0c44298fc1c149afbf4c8996fb92427ae41e4649b934ca495991b7852b855.css?body=1" for ::1 at 2016-02-14 21:02:04 -0600


Started GET "/assets/application.self-e80e8f2318043e8af94dddc2adad5a4f09739a8ebb323b3ab31cd71d45fd9113.css?body=1" for ::1 at 2016-02-14 21:02:04 -0600


Started GET "/assets/dog_care.self-877aef30ae1b040ab8a3aba4e3e309a11d7f2612f44dde450b5c157aa5f95c05.js?body=1" for ::1 at 2016-02-14 21:02:04 -0600


Started GET "/assets/jquery_ujs.self-d602bdfe68ffc63b9f9cc512872aa3cfff046228a0a36e90dd476e8ef54c1b09.js?body=1" for ::1 at 2016-02-14 21:02:04 -0600


Started GET "/assets/jquery.self-c64a74367bda6ef8b860f19e74df08927ca99d2be2ac934e9e92d5fd361e0da4.js?body=1" for ::1 at 2016-02-14 21:02:04 -0600


Started GET "/assets/turbolinks.self-c37727e9bd6b2735da5c311aa83fead54ed0be6cc8bd9a65309e9c5abe2cbfff.js?body=1" for ::1 at 2016-02-14 21:02:04 -0600


Started GET "/assets/application.self-3b8dabdc891efe46b9a144b400ad69e37d7e5876bdc39dee783419a69d7ca819.js?body=1" for ::1 at 2016-02-14 21:02:04 -0600


Started GET "/dog_care/index.html" for ::1 at 2016-02-14 21:02:21 -0600
Processing by DogCareController#index as HTML
  Rendered dog_care/index.html.erb within layouts/application (0.4ms)
Completed 200 OK in 29ms (Views: 29.0ms | ActiveRecord: 0.0ms)


Started GET "/dog_care/about.html" for ::1 at 2016-02-14 21:02:23 -0600
Processing by DogCareController#about as HTML
  Rendered dog_care/about.html.erb within layouts/application (0.1ms)
Completed 200 OK in 32ms (Views: 31.5ms | ActiveRecord: 0.0ms)


Started GET "/dog_care/index.html" for ::1 at 2016-02-14 21:02:44 -0600
Processing by DogCareController#index as HTML
  Rendered dog_care/index.html.erb within layouts/application (0.1ms)
Completed 200 OK in 30ms (Views: 30.0ms | ActiveRecord: 0.0ms)


Started GET "/dog_care/about.html" for ::1 at 2016-02-14 21:02:45 -0600
Processing by DogCareController#about as HTML
  Rendered dog_care/about.html.erb within layouts/application (0.1ms)
Completed 200 OK in 31ms (Views: 30.6ms | ActiveRecord: 0.0ms)


Started GET "/dog_care/about.html" for ::1 at 2016-02-14 21:03:20 -0600
Processing by DogCareController#about as HTML
  Rendered dog_care/about.html.erb within layouts/application (0.0ms)
Completed 200 OK in 31ms (Views: 30.6ms | ActiveRecord: 0.0ms)


Started GET "/assets/dog_care.self-e3b0c44298fc1c149afbf4c8996fb92427ae41e4649b934ca495991b7852b855.css?body=1" for ::1 at 2016-02-14 21:03:20 -0600


Started GET "/assets/application.self-e80e8f2318043e8af94dddc2adad5a4f09739a8ebb323b3ab31cd71d45fd9113.css?body=1" for ::1 at 2016-02-14 21:03:20 -0600


Started GET "/assets/dog_care.self-877aef30ae1b040ab8a3aba4e3e309a11d7f2612f44dde450b5c157aa5f95c05.js?body=1" for ::1 at 2016-02-14 21:03:20 -0600


Started GET "/assets/turbolinks.self-c37727e9bd6b2735da5c311aa83fead54ed0be6cc8bd9a65309e9c5abe2cbfff.js?body=1" for ::1 at 2016-02-14 21:03:20 -0600


Started GET "/assets/application.self-3b8dabdc891efe46b9a144b400ad69e37d7e5876bdc39dee783419a69d7ca819.js?body=1" for ::1 at 2016-02-14 21:03:20 -0600


Started GET "/assets/jquery_ujs.self-d602bdfe68ffc63b9f9cc512872aa3cfff046228a0a36e90dd476e8ef54c1b09.js?body=1" for ::1 at 2016-02-14 21:03:20 -0600


Started GET "/assets/jquery.self-c64a74367bda6ef8b860f19e74df08927ca99d2be2ac934e9e92d5fd361e0da4.js?body=1" for ::1 at 2016-02-14 21:03:20 -0600


Started GET "/dog_care/index.html" for ::1 at 2016-02-14 21:03:22 -0600
Processing by DogCareController#index as HTML
  Rendered dog_care/index.html.erb within layouts/application (0.4ms)
Completed 200 OK in 31ms (Views: 30.1ms | ActiveRecord: 0.0ms)


Started GET "/dog_care/index.html" for ::1 at 2016-02-14 21:03:48 -0600
Processing by DogCareController#index as HTML
  Rendered dog_care/index.html.erb within layouts/application (0.4ms)
Completed 200 OK in 30ms (Views: 29.5ms | ActiveRecord: 0.0ms)


Started GET "/assets/dog_care.self-e3b0c44298fc1c149afbf4c8996fb92427ae41e4649b934ca495991b7852b855.css?body=1" for ::1 at 2016-02-14 21:03:48 -0600


Started GET "/assets/dog_care.self-877aef30ae1b040ab8a3aba4e3e309a11d7f2612f44dde450b5c157aa5f95c05.js?body=1" for ::1 at 2016-02-14 21:03:48 -0600


Started GET "/assets/application.self-e80e8f2318043e8af94dddc2adad5a4f09739a8ebb323b3ab31cd71d45fd9113.css?body=1" for ::1 at 2016-02-14 21:03:48 -0600


Started GET "/assets/jquery.self-c64a74367bda6ef8b860f19e74df08927ca99d2be2ac934e9e92d5fd361e0da4.js?body=1" for ::1 at 2016-02-14 21:03:48 -0600


Started GET "/assets/turbolinks.self-c37727e9bd6b2735da5c311aa83fead54ed0be6cc8bd9a65309e9c5abe2cbfff.js?body=1" for ::1 at 2016-02-14 21:03:48 -0600


Started GET "/assets/jquery_ujs.self-d602bdfe68ffc63b9f9cc512872aa3cfff046228a0a36e90dd476e8ef54c1b09.js?body=1" for ::1 at 2016-02-14 21:03:48 -0600


Started GET "/assets/application.self-3b8dabdc891efe46b9a144b400ad69e37d7e5876bdc39dee783419a69d7ca819.js?body=1" for ::1 at 2016-02-14 21:03:48 -0600


Started GET "/dog_care/index.html" for ::1 at 2016-02-14 21:03:50 -0600
Processing by DogCareController#index as HTML
  Rendered dog_care/index.html.erb within layouts/application (0.1ms)
Completed 200 OK in 31ms (Views: 30.2ms | ActiveRecord: 0.0ms)


Started GET "/assets/dog_care.self-e3b0c44298fc1c149afbf4c8996fb92427ae41e4649b934ca495991b7852b855.css?body=1" for ::1 at 2016-02-14 21:03:50 -0600


Started GET "/assets/application.self-e80e8f2318043e8af94dddc2adad5a4f09739a8ebb323b3ab31cd71d45fd9113.css?body=1" for ::1 at 2016-02-14 21:03:50 -0600


Started GET "/assets/dog_care.self-877aef30ae1b040ab8a3aba4e3e309a11d7f2612f44dde450b5c157aa5f95c05.js?body=1" for ::1 at 2016-02-14 21:03:50 -0600


Started GET "/assets/jquery_ujs.self-d602bdfe68ffc63b9f9cc512872aa3cfff046228a0a36e90dd476e8ef54c1b09.js?body=1" for ::1 at 2016-02-14 21:03:50 -0600


Started GET "/assets/jquery.self-c64a74367bda6ef8b860f19e74df08927ca99d2be2ac934e9e92d5fd361e0da4.js?body=1" for ::1 at 2016-02-14 21:03:50 -0600


Started GET "/assets/turbolinks.self-c37727e9bd6b2735da5c311aa83fead54ed0be6cc8bd9a65309e9c5abe2cbfff.js?body=1" for ::1 at 2016-02-14 21:03:50 -0600


Started GET "/assets/application.self-3b8dabdc891efe46b9a144b400ad69e37d7e5876bdc39dee783419a69d7ca819.js?body=1" for ::1 at 2016-02-14 21:03:50 -0600


Started GET "/dog_care/about.html" for ::1 at 2016-02-14 21:04:20 -0600
Processing by DogCareController#about as HTML
  Rendered dog_care/about.html.erb within layouts/application (0.3ms)
Completed 200 OK in 30ms (Views: 29.5ms | ActiveRecord: 0.0ms)


Started GET "/dog_care/index.html" for ::1 at 2016-02-14 21:04:21 -0600
Processing by DogCareController#index as HTML
  Rendered dog_care/index.html.erb within layouts/application (0.0ms)
Completed 200 OK in 33ms (Views: 32.2ms | ActiveRecord: 0.0ms)


Started GET "/dog_care/about.html" for ::1 at 2016-02-14 21:04:23 -0600
Processing by DogCareController#about as HTML
  Rendered dog_care/about.html.erb within layouts/application (0.1ms)
Completed 200 OK in 32ms (Views: 31.4ms | ActiveRecord: 0.0ms)


Started GET "/dog_care/index.html" for ::1 at 2016-02-14 21:04:27 -0600
Processing by DogCareController#index as HTML
  Rendered dog_care/index.html.erb within layouts/application (0.0ms)
Completed 200 OK in 31ms (Views: 30.7ms | ActiveRecord: 0.0ms)


Started GET "/dog_care/about.html" for ::1 at 2016-02-14 21:04:28 -0600
Processing by DogCareController#about as HTML
  Rendered dog_care/about.html.erb within layouts/application (0.0ms)
Completed 200 OK in 30ms (Views: 29.8ms | ActiveRecord: 0.0ms)


Started GET "/dog_care/about.html" for ::1 at 2016-02-14 21:07:19 -0600
Processing by DogCareController#about as HTML
  Rendered dog_care/about.html.erb within layouts/application (0.0ms)
Completed 200 OK in 31ms (Views: 30.9ms | ActiveRecord: 0.0ms)


Started GET "/assets/dog_care.self-e3b0c44298fc1c149afbf4c8996fb92427ae41e4649b934ca495991b7852b855.css?body=1" for ::1 at 2016-02-14 21:07:19 -0600


Started GET "/assets/application.self-e80e8f2318043e8af94dddc2adad5a4f09739a8ebb323b3ab31cd71d45fd9113.css?body=1" for ::1 at 2016-02-14 21:07:19 -0600


Started GET "/assets/jquery.self-c64a74367bda6ef8b860f19e74df08927ca99d2be2ac934e9e92d5fd361e0da4.js?body=1" for ::1 at 2016-02-14 21:07:19 -0600


Started GET "/assets/dog_care.self-877aef30ae1b040ab8a3aba4e3e309a11d7f2612f44dde450b5c157aa5f95c05.js?body=1" for ::1 at 2016-02-14 21:07:19 -0600


Started GET "/assets/application.self-3b8dabdc891efe46b9a144b400ad69e37d7e5876bdc39dee783419a69d7ca819.js?body=1" for ::1 at 2016-02-14 21:07:19 -0600


Started GET "/assets/turbolinks.self-c37727e9bd6b2735da5c311aa83fead54ed0be6cc8bd9a65309e9c5abe2cbfff.js?body=1" for ::1 at 2016-02-14 21:07:19 -0600


Started GET "/assets/jquery_ujs.self-d602bdfe68ffc63b9f9cc512872aa3cfff046228a0a36e90dd476e8ef54c1b09.js?body=1" for ::1 at 2016-02-14 21:07:19 -0600


Started GET "/dog_care/about.html" for ::1 at 2016-02-14 21:07:21 -0600
Processing by DogCareController#about as HTML
  Rendered dog_care/about.html.erb within layouts/application (0.1ms)
Completed 200 OK in 31ms (Views: 30.2ms | ActiveRecord: 0.0ms)


Started GET "/assets/dog_care.self-e3b0c44298fc1c149afbf4c8996fb92427ae41e4649b934ca495991b7852b855.css?body=1" for ::1 at 2016-02-14 21:07:21 -0600


Started GET "/assets/dog_care.self-877aef30ae1b040ab8a3aba4e3e309a11d7f2612f44dde450b5c157aa5f95c05.js?body=1" for ::1 at 2016-02-14 21:07:21 -0600


Started GET "/assets/jquery_ujs.self-d602bdfe68ffc63b9f9cc512872aa3cfff046228a0a36e90dd476e8ef54c1b09.js?body=1" for ::1 at 2016-02-14 21:07:21 -0600


Started GET "/assets/jquery.self-c64a74367bda6ef8b860f19e74df08927ca99d2be2ac934e9e92d5fd361e0da4.js?body=1" for ::1 at 2016-02-14 21:07:21 -0600


Started GET "/assets/application.self-e80e8f2318043e8af94dddc2adad5a4f09739a8ebb323b3ab31cd71d45fd9113.css?body=1" for ::1 at 2016-02-14 21:07:21 -0600


Started GET "/assets/turbolinks.self-c37727e9bd6b2735da5c311aa83fead54ed0be6cc8bd9a65309e9c5abe2cbfff.js?body=1" for ::1 at 2016-02-14 21:07:21 -0600


Started GET "/assets/application.self-3b8dabdc891efe46b9a144b400ad69e37d7e5876bdc39dee783419a69d7ca819.js?body=1" for ::1 at 2016-02-14 21:07:21 -0600


Started GET "/dog_care/index.html" for ::1 at 2016-02-14 21:07:22 -0600
Processing by DogCareController#index as HTML
  Rendered dog_care/index.html.erb within layouts/application (0.4ms)
Completed 200 OK in 31ms (Views: 30.5ms | ActiveRecord: 0.0ms)


Started GET "/dog_care/index.html" for ::1 at 2016-02-14 21:08:55 -0600
Processing by DogCareController#index as HTML
  Rendered dog_care/index.html.erb within layouts/application (0.0ms)
Completed 200 OK in 30ms (Views: 29.8ms | ActiveRecord: 0.0ms)


Started GET "/assets/dog_care.self-e3b0c44298fc1c149afbf4c8996fb92427ae41e4649b934ca495991b7852b855.css?body=1" for ::1 at 2016-02-14 21:08:56 -0600


Started GET "/assets/application.self-e80e8f2318043e8af94dddc2adad5a4f09739a8ebb323b3ab31cd71d45fd9113.css?body=1" for ::1 at 2016-02-14 21:08:56 -0600


Started GET "/assets/jquery.self-c64a74367bda6ef8b860f19e74df08927ca99d2be2ac934e9e92d5fd361e0da4.js?body=1" for ::1 at 2016-02-14 21:08:56 -0600


Started GET "/assets/turbolinks.self-c37727e9bd6b2735da5c311aa83fead54ed0be6cc8bd9a65309e9c5abe2cbfff.js?body=1" for ::1 at 2016-02-14 21:08:56 -0600


Started GET "/assets/dog_care.self-877aef30ae1b040ab8a3aba4e3e309a11d7f2612f44dde450b5c157aa5f95c05.js?body=1" for ::1 at 2016-02-14 21:08:56 -0600


Started GET "/assets/application.self-3b8dabdc891efe46b9a144b400ad69e37d7e5876bdc39dee783419a69d7ca819.js?body=1" for ::1 at 2016-02-14 21:08:56 -0600


Started GET "/assets/jquery_ujs.self-d602bdfe68ffc63b9f9cc512872aa3cfff046228a0a36e90dd476e8ef54c1b09.js?body=1" for ::1 at 2016-02-14 21:08:56 -0600


Started GET "/dog_care/about.html" for ::1 at 2016-02-14 21:08:58 -0600
Processing by DogCareController#about as HTML
  Rendered dog_care/about.html.erb within layouts/application (0.3ms)
Completed 200 OK in 31ms (Views: 30.3ms | ActiveRecord: 0.0ms)


Started GET "/dog_care/about.html" for ::1 at 2016-02-14 21:09:44 -0600
Processing by DogCareController#about as HTML
  Rendered dog_care/about.html.erb within layouts/application (0.4ms)
Completed 200 OK in 32ms (Views: 31.6ms | ActiveRecord: 0.0ms)


Started GET "/assets/dog_care.self-e3b0c44298fc1c149afbf4c8996fb92427ae41e4649b934ca495991b7852b855.css?body=1" for ::1 at 2016-02-14 21:09:44 -0600


Started GET "/assets/application.self-e80e8f2318043e8af94dddc2adad5a4f09739a8ebb323b3ab31cd71d45fd9113.css?body=1" for ::1 at 2016-02-14 21:09:44 -0600


Started GET "/assets/dog_care.self-877aef30ae1b040ab8a3aba4e3e309a11d7f2612f44dde450b5c157aa5f95c05.js?body=1" for ::1 at 2016-02-14 21:09:44 -0600


Started GET "/assets/turbolinks.self-c37727e9bd6b2735da5c311aa83fead54ed0be6cc8bd9a65309e9c5abe2cbfff.js?body=1" for ::1 at 2016-02-14 21:09:44 -0600


Started GET "/assets/jquery_ujs.self-d602bdfe68ffc63b9f9cc512872aa3cfff046228a0a36e90dd476e8ef54c1b09.js?body=1" for ::1 at 2016-02-14 21:09:44 -0600


Started GET "/assets/application.self-3b8dabdc891efe46b9a144b400ad69e37d7e5876bdc39dee783419a69d7ca819.js?body=1" for ::1 at 2016-02-14 21:09:44 -0600


Started GET "/assets/jquery.self-c64a74367bda6ef8b860f19e74df08927ca99d2be2ac934e9e92d5fd361e0da4.js?body=1" for ::1 at 2016-02-14 21:09:44 -0600


Started GET "/dog_care/index.html" for ::1 at 2016-02-14 21:09:47 -0600
Processing by DogCareController#index as HTML
  Rendered dog_care/index.html.erb within layouts/application (0.4ms)
Completed 200 OK in 30ms (Views: 29.4ms | ActiveRecord: 0.0ms)


Started GET "/dog_care/about.html" for ::1 at 2016-02-14 21:09:49 -0600
Processing by DogCareController#about as HTML
  Rendered dog_care/about.html.erb within layouts/application (0.1ms)
Completed 200 OK in 32ms (Views: 31.6ms | ActiveRecord: 0.0ms)


Started GET "/dog_care/index.html" for ::1 at 2016-02-14 21:09:50 -0600
Processing by DogCareController#index as HTML
  Rendered dog_care/index.html.erb within layouts/application (0.0ms)
Completed 200 OK in 32ms (Views: 31.2ms | ActiveRecord: 0.0ms)


Started GET "/dog_care/index.html" for ::1 at 2016-02-14 21:10:23 -0600
Processing by DogCareController#index as HTML
  Rendered dog_care/index.html.erb within layouts/application (0.0ms)
Completed 200 OK in 36ms (Views: 35.1ms | ActiveRecord: 0.0ms)


Started GET "/assets/dog_care.self-e3b0c44298fc1c149afbf4c8996fb92427ae41e4649b934ca495991b7852b855.css?body=1" for ::1 at 2016-02-14 21:10:23 -0600


Started GET "/assets/application.self-e80e8f2318043e8af94dddc2adad5a4f09739a8ebb323b3ab31cd71d45fd9113.css?body=1" for ::1 at 2016-02-14 21:10:23 -0600


Started GET "/assets/jquery.self-c64a74367bda6ef8b860f19e74df08927ca99d2be2ac934e9e92d5fd361e0da4.js?body=1" for ::1 at 2016-02-14 21:10:23 -0600


Started GET "/assets/dog_care.self-877aef30ae1b040ab8a3aba4e3e309a11d7f2612f44dde450b5c157aa5f95c05.js?body=1" for ::1 at 2016-02-14 21:10:23 -0600


Started GET "/assets/turbolinks.self-c37727e9bd6b2735da5c311aa83fead54ed0be6cc8bd9a65309e9c5abe2cbfff.js?body=1" for ::1 at 2016-02-14 21:10:23 -0600


Started GET "/assets/application.self-3b8dabdc891efe46b9a144b400ad69e37d7e5876bdc39dee783419a69d7ca819.js?body=1" for ::1 at 2016-02-14 21:10:23 -0600


Started GET "/assets/jquery_ujs.self-d602bdfe68ffc63b9f9cc512872aa3cfff046228a0a36e90dd476e8ef54c1b09.js?body=1" for ::1 at 2016-02-14 21:10:23 -0600


Started GET "/dog_care/about.html" for ::1 at 2016-02-14 21:10:24 -0600
Processing by DogCareController#about as HTML
  Rendered dog_care/about.html.erb within layouts/application (0.1ms)
Completed 200 OK in 29ms (Views: 28.5ms | ActiveRecord: 0.0ms)


Started GET "/dog_care/about.html" for ::1 at 2016-02-14 21:11:46 -0600
Processing by DogCareController#about as HTML
  Rendered dog_care/about.html.erb within layouts/application (0.4ms)
Completed 200 OK in 31ms (Views: 30.6ms | ActiveRecord: 0.0ms)


Started GET "/assets/dog_care.self-e3b0c44298fc1c149afbf4c8996fb92427ae41e4649b934ca495991b7852b855.css?body=1" for ::1 at 2016-02-14 21:11:46 -0600


Started GET "/assets/application.self-e80e8f2318043e8af94dddc2adad5a4f09739a8ebb323b3ab31cd71d45fd9113.css?body=1" for ::1 at 2016-02-14 21:11:46 -0600


Started GET "/assets/jquery.self-c64a74367bda6ef8b860f19e74df08927ca99d2be2ac934e9e92d5fd361e0da4.js?body=1" for ::1 at 2016-02-14 21:11:46 -0600


Started GET "/assets/dog_care.self-877aef30ae1b040ab8a3aba4e3e309a11d7f2612f44dde450b5c157aa5f95c05.js?body=1" for ::1 at 2016-02-14 21:11:46 -0600


Started GET "/assets/application.self-3b8dabdc891efe46b9a144b400ad69e37d7e5876bdc39dee783419a69d7ca819.js?body=1" for ::1 at 2016-02-14 21:11:46 -0600


Started GET "/assets/turbolinks.self-c37727e9bd6b2735da5c311aa83fead54ed0be6cc8bd9a65309e9c5abe2cbfff.js?body=1" for ::1 at 2016-02-14 21:11:46 -0600


Started GET "/assets/jquery_ujs.self-d602bdfe68ffc63b9f9cc512872aa3cfff046228a0a36e90dd476e8ef54c1b09.js?body=1" for ::1 at 2016-02-14 21:11:46 -0600


Started GET "/dog_care/index.html" for ::1 at 2016-02-14 21:11:48 -0600
Processing by DogCareController#index as HTML
  Rendered dog_care/index.html.erb within layouts/application (0.3ms)
Completed 200 OK in 30ms (Views: 29.3ms | ActiveRecord: 0.0ms)


Started GET "/dog_care/about.html" for ::1 at 2016-02-14 21:11:50 -0600
Processing by DogCareController#about as HTML
  Rendered dog_care/about.html.erb within layouts/application (0.0ms)
Completed 200 OK in 32ms (Views: 31.3ms | ActiveRecord: 0.0ms)


Started GET "/dog_care/index.html" for ::1 at 2016-02-14 21:11:51 -0600
Processing by DogCareController#index as HTML
  Rendered dog_care/index.html.erb within layouts/application (0.0ms)
Completed 200 OK in 35ms (Views: 34.8ms | ActiveRecord: 0.0ms)


Started GET "/dog_care/about.html" for ::1 at 2016-02-14 21:11:53 -0600
Processing by DogCareController#about as HTML
  Rendered dog_care/about.html.erb within layouts/application (0.1ms)
Completed 200 OK in 33ms (Views: 32.2ms | ActiveRecord: 0.0ms)


Started GET "/dog_care/index.html" for ::1 at 2016-02-14 21:11:55 -0600
Processing by DogCareController#index as HTML
  Rendered dog_care/index.html.erb within layouts/application (0.0ms)
Completed 200 OK in 32ms (Views: 31.8ms | ActiveRecord: 0.0ms)


Started GET "/dog_care/about.html" for ::1 at 2016-02-14 21:11:57 -0600
Processing by DogCareController#about as HTML
  Rendered dog_care/about.html.erb within layouts/application (0.0ms)
Completed 200 OK in 33ms (Views: 32.8ms | ActiveRecord: 0.0ms)


Started GET "/" for ::1 at 2016-02-15 08:26:42 -0600
Processing by DogCareController#index as HTML
  Rendered dog_care/index.html.erb within layouts/application (4.1ms)
Completed 200 OK in 418ms (Views: 399.0ms | ActiveRecord: 0.0ms)


Started GET "/" for ::1 at 2016-02-15 08:36:09 -0600
Processing by DogCareController#index as HTML
  Rendered dog_care/index.html.erb within layouts/application (0.3ms)
Completed 200 OK in 30ms (Views: 29.9ms | ActiveRecord: 0.0ms)


Started GET "/assets/dog_care.self-e3b0c44298fc1c149afbf4c8996fb92427ae41e4649b934ca495991b7852b855.css?body=1" for ::1 at 2016-02-15 08:36:09 -0600


Started GET "/assets/jquery.self-c64a74367bda6ef8b860f19e74df08927ca99d2be2ac934e9e92d5fd361e0da4.js?body=1" for ::1 at 2016-02-15 08:36:09 -0600


Started GET "/assets/application.self-e80e8f2318043e8af94dddc2adad5a4f09739a8ebb323b3ab31cd71d45fd9113.css?body=1" for ::1 at 2016-02-15 08:36:09 -0600


Started GET "/assets/jquery_ujs.self-d602bdfe68ffc63b9f9cc512872aa3cfff046228a0a36e90dd476e8ef54c1b09.js?body=1" for ::1 at 2016-02-15 08:36:09 -0600


Started GET "/assets/turbolinks.self-c37727e9bd6b2735da5c311aa83fead54ed0be6cc8bd9a65309e9c5abe2cbfff.js?body=1" for ::1 at 2016-02-15 08:36:09 -0600


Started GET "/assets/application.self-3b8dabdc891efe46b9a144b400ad69e37d7e5876bdc39dee783419a69d7ca819.js?body=1" for ::1 at 2016-02-15 08:36:09 -0600


Started GET "/assets/dog_care.self-877aef30ae1b040ab8a3aba4e3e309a11d7f2612f44dde450b5c157aa5f95c05.js?body=1" for ::1 at 2016-02-15 08:36:09 -0600


Started GET "/dog_care/about.html" for ::1 at 2016-02-15 08:36:11 -0600
Processing by DogCareController#about as HTML
  Rendered dog_care/about.html.erb within layouts/application (0.4ms)
Completed 200 OK in 34ms (Views: 33.4ms | ActiveRecord: 0.0ms)


Started GET "/dog_care/about.html" for ::1 at 2016-02-15 08:36:46 -0600
Processing by DogCareController#about as HTML
  Rendered dog_care/about.html.erb within layouts/application (0.5ms)
Completed 200 OK in 33ms (Views: 32.9ms | ActiveRecord: 0.0ms)


Started GET "/assets/dog_care.self-e3b0c44298fc1c149afbf4c8996fb92427ae41e4649b934ca495991b7852b855.css?body=1" for ::1 at 2016-02-15 08:36:46 -0600


Started GET "/assets/application.self-e80e8f2318043e8af94dddc2adad5a4f09739a8ebb323b3ab31cd71d45fd9113.css?body=1" for ::1 at 2016-02-15 08:36:46 -0600


Started GET "/assets/jquery.self-c64a74367bda6ef8b860f19e74df08927ca99d2be2ac934e9e92d5fd361e0da4.js?body=1" for ::1 at 2016-02-15 08:36:46 -0600


Started GET "/assets/jquery_ujs.self-d602bdfe68ffc63b9f9cc512872aa3cfff046228a0a36e90dd476e8ef54c1b09.js?body=1" for ::1 at 2016-02-15 08:36:46 -0600


Started GET "/assets/turbolinks.self-c37727e9bd6b2735da5c311aa83fead54ed0be6cc8bd9a65309e9c5abe2cbfff.js?body=1" for ::1 at 2016-02-15 08:36:46 -0600


Started GET "/assets/application.self-3b8dabdc891efe46b9a144b400ad69e37d7e5876bdc39dee783419a69d7ca819.js?body=1" for ::1 at 2016-02-15 08:36:46 -0600


Started GET "/assets/dog_care.self-877aef30ae1b040ab8a3aba4e3e309a11d7f2612f44dde450b5c157aa5f95c05.js?body=1" for ::1 at 2016-02-15 08:36:46 -0600


Started GET "/dog_care/about.html" for ::1 at 2016-02-15 08:39:17 -0600
Processing by DogCareController#about as HTML
  Rendered dog_care/about.html.erb within layouts/application (0.1ms)
Completed 500 Internal Server Error in 9ms (ActiveRecord: 0.0ms)

SyntaxError (/Users/cupcake3/tts/rails_practices/doggie_daycare/app/views/layouts/application.html.erb:16: syntax error, unexpected '<'
      <%= link_to "about", about_path =>
       ^
/Users/cupcake3/tts/rails_practices/doggie_daycare/app/views/layouts/application.html.erb:17: syntax error, unexpected '<'
        <a class="btn btn-info" href="...
         ^
/Users/cupcake3/tts/rails_practices/doggie_daycare/app/views/layouts/application.html.erb:17: syntax error, unexpected tIDENTIFIER, expecting ')'
...   <a class="btn btn-info" href="/dog_care/index.html" role=...
...                               ^
/Users/cupcake3/tts/rails_practices/doggie_daycare/app/views/layouts/application.html.erb:17: syntax error, unexpected tIDENTIFIER, expecting ')'
...ref="/dog_care/index.html" role="button">Home page</a>
...                               ^
/Users/cupcake3/tts/rails_practices/doggie_daycare/app/views/layouts/application.html.erb:17: syntax error, unexpected tIDENTIFIER, expecting keyword_do or '{' or '('
...x.html" role="button">Home page</a>
...                               ^
/Users/cupcake3/tts/rails_practices/doggie_daycare/app/views/layouts/application.html.erb:18: unknown regexp options - dg
/Users/cupcake3/tts/rails_practices/doggie_daycare/app/views/layouts/application.html.erb:18: syntax error, unexpected tIDENTIFIER, expecting ')'
...="btn btn-info" href="/dog_care/about.html" role="button">Ab...
...                               ^
/Users/cupcake3/tts/rails_practices/doggie_daycare/app/views/layouts/application.html.erb:18: syntax error, unexpected tSTRING_BEG, expecting ')'
...fo" href="/dog_care/about.html" role="button">About Us</a>
...                               ^
/Users/cupcake3/tts/rails_practices/doggie_daycare/app/views/layouts/application.html.erb:18: syntax error, unexpected tIDENTIFIER, expecting ')'
...g_care/about.html" role="button">About Us</a>
...                               ^
/Users/cupcake3/tts/rails_practices/doggie_daycare/app/views/layouts/application.html.erb:18: unterminated string meets end of file
/Users/cupcake3/tts/rails_practices/doggie_daycare/app/views/layouts/application.html.erb:18: syntax error, unexpected end-of-input, expecting ')'):
  app/views/layouts/application.html.erb:16: syntax error, unexpected '<'
  app/views/layouts/application.html.erb:17: syntax error, unexpected '<'
  app/views/layouts/application.html.erb:17: syntax error, unexpected tIDENTIFIER, expecting ')'
  app/views/layouts/application.html.erb:17: syntax error, unexpected tIDENTIFIER, expecting ')'
  app/views/layouts/application.html.erb:17: syntax error, unexpected tIDENTIFIER, expecting keyword_do or '{' or '('
  app/views/layouts/application.html.erb:18: unknown regexp options - dg
  app/views/layouts/application.html.erb:18: syntax error, unexpected tIDENTIFIER, expecting ')'
  app/views/layouts/application.html.erb:18: syntax error, unexpected tSTRING_BEG, expecting ')'
  app/views/layouts/application.html.erb:18: syntax error, unexpected tIDENTIFIER, expecting ')'
  app/views/layouts/application.html.erb:18: unterminated string meets end of file
  app/views/layouts/application.html.erb:18: syntax error, unexpected end-of-input, expecting ')'


  Rendered /Users/cupcake3/.rvm/gems/ruby-2.2.1/gems/actionpack-4.2.5/lib/action_dispatch/middleware/templates/rescues/_source.erb (8.2ms)
  Rendered /Users/cupcake3/.rvm/gems/ruby-2.2.1/gems/actionpack-4.2.5/lib/action_dispatch/middleware/templates/rescues/_trace.html.erb (3.5ms)
  Rendered /Users/cupcake3/.rvm/gems/ruby-2.2.1/gems/actionpack-4.2.5/lib/action_dispatch/middleware/templates/rescues/_request_and_response.html.erb (0.9ms)
  Rendered /Users/cupcake3/.rvm/gems/ruby-2.2.1/gems/actionpack-4.2.5/lib/action_dispatch/middleware/templates/rescues/diagnostics.html.erb within rescues/layout (104.9ms)
  Rendered /Users/cupcake3/.rvm/gems/ruby-2.2.1/gems/web-console-2.3.0/lib/web_console/templates/_markup.html.erb (0.5ms)
  Rendered /Users/cupcake3/.rvm/gems/ruby-2.2.1/gems/web-console-2.3.0/lib/web_console/templates/_inner_console_markup.html.erb within layouts/inlined_string (0.3ms)
  Rendered /Users/cupcake3/.rvm/gems/ruby-2.2.1/gems/web-console-2.3.0/lib/web_console/templates/_prompt_box_markup.html.erb within layouts/inlined_string (0.4ms)
  Rendered /Users/cupcake3/.rvm/gems/ruby-2.2.1/gems/web-console-2.3.0/lib/web_console/templates/style.css.erb within layouts/inlined_string (0.4ms)
  Rendered /Users/cupcake3/.rvm/gems/ruby-2.2.1/gems/web-console-2.3.0/lib/web_console/templates/console.js.erb within layouts/javascript (116.6ms)
  Rendered /Users/cupcake3/.rvm/gems/ruby-2.2.1/gems/web-console-2.3.0/lib/web_console/templates/main.js.erb within layouts/javascript (0.3ms)
  Rendered /Users/cupcake3/.rvm/gems/ruby-2.2.1/gems/web-console-2.3.0/lib/web_console/templates/error_page.js.erb within layouts/javascript (0.4ms)
  Rendered /Users/cupcake3/.rvm/gems/ruby-2.2.1/gems/web-console-2.3.0/lib/web_console/templates/index.html.erb (204.4ms)


Started GET "/" for ::1 at 2016-02-15 08:40:29 -0600

SyntaxError (/Users/cupcake3/tts/rails_practices/doggie_daycare/config/routes.rb:4: syntax error, unexpected '=', expecting keyword_end
  get '/about' = 'dog_care#about'
                ^):
  config/routes.rb:4: syntax error, unexpected '=', expecting keyword_end


  Rendered /Users/cupcake3/.rvm/gems/ruby-2.2.1/gems/actionpack-4.2.5/lib/action_dispatch/middleware/templates/rescues/_source.erb (4.0ms)
  Rendered /Users/cupcake3/.rvm/gems/ruby-2.2.1/gems/actionpack-4.2.5/lib/action_dispatch/middleware/templates/rescues/_trace.html.erb (2.1ms)
  Rendered /Users/cupcake3/.rvm/gems/ruby-2.2.1/gems/actionpack-4.2.5/lib/action_dispatch/middleware/templates/rescues/_request_and_response.html.erb (0.9ms)
  Rendered /Users/cupcake3/.rvm/gems/ruby-2.2.1/gems/actionpack-4.2.5/lib/action_dispatch/middleware/templates/rescues/diagnostics.html.erb within rescues/layout (64.3ms)
  Rendered /Users/cupcake3/.rvm/gems/ruby-2.2.1/gems/web-console-2.3.0/lib/web_console/templates/_markup.html.erb (0.4ms)
  Rendered /Users/cupcake3/.rvm/gems/ruby-2.2.1/gems/web-console-2.3.0/lib/web_console/templates/_inner_console_markup.html.erb within layouts/inlined_string (0.3ms)
  Rendered /Users/cupcake3/.rvm/gems/ruby-2.2.1/gems/web-console-2.3.0/lib/web_console/templates/_prompt_box_markup.html.erb within layouts/inlined_string (0.3ms)
  Rendered /Users/cupcake3/.rvm/gems/ruby-2.2.1/gems/web-console-2.3.0/lib/web_console/templates/style.css.erb within layouts/inlined_string (0.3ms)
  Rendered /Users/cupcake3/.rvm/gems/ruby-2.2.1/gems/web-console-2.3.0/lib/web_console/templates/console.js.erb within layouts/javascript (58.6ms)
  Rendered /Users/cupcake3/.rvm/gems/ruby-2.2.1/gems/web-console-2.3.0/lib/web_console/templates/main.js.erb within layouts/javascript (0.3ms)
  Rendered /Users/cupcake3/.rvm/gems/ruby-2.2.1/gems/web-console-2.3.0/lib/web_console/templates/error_page.js.erb within layouts/javascript (0.4ms)
  Rendered /Users/cupcake3/.rvm/gems/ruby-2.2.1/gems/web-console-2.3.0/lib/web_console/templates/index.html.erb (131.4ms)


Started GET "/" for ::1 at 2016-02-15 08:41:10 -0600
Processing by DogCareController#index as HTML
  Rendered dog_care/index.html.erb within layouts/application (0.0ms)
Completed 500 Internal Server Error in 10ms (ActiveRecord: 0.0ms)

SyntaxError (/Users/cupcake3/tts/rails_practices/doggie_daycare/app/views/layouts/application.html.erb:16: syntax error, unexpected '<'
      <%= link_to "about", about_path =>
       ^
/Users/cupcake3/tts/rails_practices/doggie_daycare/app/views/layouts/application.html.erb:17: syntax error, unexpected '<'
        <a class="btn btn-info" href="...
         ^
/Users/cupcake3/tts/rails_practices/doggie_daycare/app/views/layouts/application.html.erb:17: syntax error, unexpected tIDENTIFIER, expecting ')'
...   <a class="btn btn-info" href="/dog_care/index.html" role=...
...                               ^
/Users/cupcake3/tts/rails_practices/doggie_daycare/app/views/layouts/application.html.erb:17: syntax error, unexpected tIDENTIFIER, expecting ')'
...ref="/dog_care/index.html" role="button">Home page</a>
...                               ^
/Users/cupcake3/tts/rails_practices/doggie_daycare/app/views/layouts/application.html.erb:17: syntax error, unexpected tIDENTIFIER, expecting keyword_do or '{' or '('
...x.html" role="button">Home page</a>
...                               ^
/Users/cupcake3/tts/rails_practices/doggie_daycare/app/views/layouts/application.html.erb:18: unknown regexp options - dg
/Users/cupcake3/tts/rails_practices/doggie_daycare/app/views/layouts/application.html.erb:18: syntax error, unexpected tIDENTIFIER, expecting ')'
...="btn btn-info" href="/dog_care/about.html" role="button">Ab...
...                               ^
/Users/cupcake3/tts/rails_practices/doggie_daycare/app/views/layouts/application.html.erb:18: syntax error, unexpected tSTRING_BEG, expecting ')'
...fo" href="/dog_care/about.html" role="button">About Us</a>
...                               ^
/Users/cupcake3/tts/rails_practices/doggie_daycare/app/views/layouts/application.html.erb:18: syntax error, unexpected tIDENTIFIER, expecting ')'
...g_care/about.html" role="button">About Us</a>
...                               ^
/Users/cupcake3/tts/rails_practices/doggie_daycare/app/views/layouts/application.html.erb:18: unterminated string meets end of file
/Users/cupcake3/tts/rails_practices/doggie_daycare/app/views/layouts/application.html.erb:18: syntax error, unexpected end-of-input, expecting ')'):
  app/views/layouts/application.html.erb:16: syntax error, unexpected '<'
  app/views/layouts/application.html.erb:17: syntax error, unexpected '<'
  app/views/layouts/application.html.erb:17: syntax error, unexpected tIDENTIFIER, expecting ')'
  app/views/layouts/application.html.erb:17: syntax error, unexpected tIDENTIFIER, expecting ')'
  app/views/layouts/application.html.erb:17: syntax error, unexpected tIDENTIFIER, expecting keyword_do or '{' or '('
  app/views/layouts/application.html.erb:18: unknown regexp options - dg
  app/views/layouts/application.html.erb:18: syntax error, unexpected tIDENTIFIER, expecting ')'
  app/views/layouts/application.html.erb:18: syntax error, unexpected tSTRING_BEG, expecting ')'
  app/views/layouts/application.html.erb:18: syntax error, unexpected tIDENTIFIER, expecting ')'
  app/views/layouts/application.html.erb:18: unterminated string meets end of file
  app/views/layouts/application.html.erb:18: syntax error, unexpected end-of-input, expecting ')'


  Rendered /Users/cupcake3/.rvm/gems/ruby-2.2.1/gems/actionpack-4.2.5/lib/action_dispatch/middleware/templates/rescues/_source.erb (7.7ms)
  Rendered /Users/cupcake3/.rvm/gems/ruby-2.2.1/gems/actionpack-4.2.5/lib/action_dispatch/middleware/templates/rescues/_trace.html.erb (3.3ms)
  Rendered /Users/cupcake3/.rvm/gems/ruby-2.2.1/gems/actionpack-4.2.5/lib/action_dispatch/middleware/templates/rescues/_request_and_response.html.erb (0.9ms)
  Rendered /Users/cupcake3/.rvm/gems/ruby-2.2.1/gems/actionpack-4.2.5/lib/action_dispatch/middleware/templates/rescues/diagnostics.html.erb within rescues/layout (70.3ms)
  Rendered /Users/cupcake3/.rvm/gems/ruby-2.2.1/gems/web-console-2.3.0/lib/web_console/templates/_markup.html.erb (0.4ms)
  Rendered /Users/cupcake3/.rvm/gems/ruby-2.2.1/gems/web-console-2.3.0/lib/web_console/templates/_inner_console_markup.html.erb within layouts/inlined_string (0.3ms)
  Rendered /Users/cupcake3/.rvm/gems/ruby-2.2.1/gems/web-console-2.3.0/lib/web_console/templates/_prompt_box_markup.html.erb within layouts/inlined_string (0.3ms)
  Rendered /Users/cupcake3/.rvm/gems/ruby-2.2.1/gems/web-console-2.3.0/lib/web_console/templates/style.css.erb within layouts/inlined_string (0.3ms)
  Rendered /Users/cupcake3/.rvm/gems/ruby-2.2.1/gems/web-console-2.3.0/lib/web_console/templates/console.js.erb within layouts/javascript (61.5ms)
  Rendered /Users/cupcake3/.rvm/gems/ruby-2.2.1/gems/web-console-2.3.0/lib/web_console/templates/main.js.erb within layouts/javascript (0.3ms)
  Rendered /Users/cupcake3/.rvm/gems/ruby-2.2.1/gems/web-console-2.3.0/lib/web_console/templates/error_page.js.erb within layouts/javascript (0.4ms)
  Rendered /Users/cupcake3/.rvm/gems/ruby-2.2.1/gems/web-console-2.3.0/lib/web_console/templates/index.html.erb (132.9ms)


Started GET "/" for ::1 at 2016-02-15 08:41:49 -0600
Processing by DogCareController#index as HTML
  Rendered dog_care/index.html.erb within layouts/application (0.1ms)
Completed 500 Internal Server Error in 8ms (ActiveRecord: 0.0ms)

SyntaxError (/Users/cupcake3/tts/rails_practices/doggie_daycare/app/views/layouts/application.html.erb:16: syntax error, unexpected '<'
      <%= link_to "about", about_path =>
       ^
/Users/cupcake3/tts/rails_practices/doggie_daycare/app/views/layouts/application.html.erb:19: syntax error, unexpected '<'
      </div>
       ^
/Users/cupcake3/tts/rails_practices/doggie_daycare/app/views/layouts/application.html.erb:20: unknown regexp options - dv
/Users/cupcake3/tts/rails_practices/doggie_daycare/app/views/layouts/application.html.erb:22: syntax error, unexpected '<'
<%= yield );@output_buffer.safe_append='
 ^
/Users/cupcake3/tts/rails_practices/doggie_daycare/app/views/layouts/application.html.erb:29: syntax error, unexpected keyword_ensure, expecting ')'
/Users/cupcake3/tts/rails_practices/doggie_daycare/app/views/layouts/application.html.erb:31: syntax error, unexpected keyword_end, expecting ')'):
  app/views/layouts/application.html.erb:16: syntax error, unexpected '<'
  app/views/layouts/application.html.erb:19: syntax error, unexpected '<'
  app/views/layouts/application.html.erb:20: unknown regexp options - dv
  app/views/layouts/application.html.erb:22: syntax error, unexpected '<'
  app/views/layouts/application.html.erb:29: syntax error, unexpected keyword_ensure, expecting ')'
  app/views/layouts/application.html.erb:31: syntax error, unexpected keyword_end, expecting ')'


  Rendered /Users/cupcake3/.rvm/gems/ruby-2.2.1/gems/actionpack-4.2.5/lib/action_dispatch/middleware/templates/rescues/_source.erb (7.1ms)
  Rendered /Users/cupcake3/.rvm/gems/ruby-2.2.1/gems/actionpack-4.2.5/lib/action_dispatch/middleware/templates/rescues/_trace.html.erb (3.1ms)
  Rendered /Users/cupcake3/.rvm/gems/ruby-2.2.1/gems/actionpack-4.2.5/lib/action_dispatch/middleware/templates/rescues/_request_and_response.html.erb (0.9ms)
  Rendered /Users/cupcake3/.rvm/gems/ruby-2.2.1/gems/actionpack-4.2.5/lib/action_dispatch/middleware/templates/rescues/diagnostics.html.erb within rescues/layout (69.2ms)
  Rendered /Users/cupcake3/.rvm/gems/ruby-2.2.1/gems/web-console-2.3.0/lib/web_console/templates/_markup.html.erb (0.4ms)
  Rendered /Users/cupcake3/.rvm/gems/ruby-2.2.1/gems/web-console-2.3.0/lib/web_console/templates/_inner_console_markup.html.erb within layouts/inlined_string (0.3ms)
  Rendered /Users/cupcake3/.rvm/gems/ruby-2.2.1/gems/web-console-2.3.0/lib/web_console/templates/_prompt_box_markup.html.erb within layouts/inlined_string (0.3ms)
  Rendered /Users/cupcake3/.rvm/gems/ruby-2.2.1/gems/web-console-2.3.0/lib/web_console/templates/style.css.erb within layouts/inlined_string (0.3ms)
  Rendered /Users/cupcake3/.rvm/gems/ruby-2.2.1/gems/web-console-2.3.0/lib/web_console/templates/console.js.erb within layouts/javascript (60.1ms)
  Rendered /Users/cupcake3/.rvm/gems/ruby-2.2.1/gems/web-console-2.3.0/lib/web_console/templates/main.js.erb within layouts/javascript (0.3ms)
  Rendered /Users/cupcake3/.rvm/gems/ruby-2.2.1/gems/web-console-2.3.0/lib/web_console/templates/error_page.js.erb within layouts/javascript (0.4ms)
  Rendered /Users/cupcake3/.rvm/gems/ruby-2.2.1/gems/web-console-2.3.0/lib/web_console/templates/index.html.erb (131.8ms)


Started GET "/" for ::1 at 2016-02-15 08:42:37 -0600
Processing by DogCareController#index as HTML
  Rendered dog_care/index.html.erb within layouts/application (0.1ms)
Completed 200 OK in 32ms (Views: 31.4ms | ActiveRecord: 0.0ms)


Started GET "/assets/dog_care.self-e3b0c44298fc1c149afbf4c8996fb92427ae41e4649b934ca495991b7852b855.css?body=1" for ::1 at 2016-02-15 08:42:37 -0600


Started GET "/assets/application.self-e80e8f2318043e8af94dddc2adad5a4f09739a8ebb323b3ab31cd71d45fd9113.css?body=1" for ::1 at 2016-02-15 08:42:37 -0600


Started GET "/assets/jquery.self-c64a74367bda6ef8b860f19e74df08927ca99d2be2ac934e9e92d5fd361e0da4.js?body=1" for ::1 at 2016-02-15 08:42:38 -0600


Started GET "/assets/jquery_ujs.self-d602bdfe68ffc63b9f9cc512872aa3cfff046228a0a36e90dd476e8ef54c1b09.js?body=1" for ::1 at 2016-02-15 08:42:38 -0600


Started GET "/assets/turbolinks.self-c37727e9bd6b2735da5c311aa83fead54ed0be6cc8bd9a65309e9c5abe2cbfff.js?body=1" for ::1 at 2016-02-15 08:42:38 -0600


Started GET "/assets/application.self-3b8dabdc891efe46b9a144b400ad69e37d7e5876bdc39dee783419a69d7ca819.js?body=1" for ::1 at 2016-02-15 08:42:38 -0600


Started GET "/assets/dog_care.self-877aef30ae1b040ab8a3aba4e3e309a11d7f2612f44dde450b5c157aa5f95c05.js?body=1" for ::1 at 2016-02-15 08:42:38 -0600


Started GET "/" for ::1 at 2016-02-15 08:42:43 -0600
Processing by DogCareController#index as HTML
  Rendered dog_care/index.html.erb within layouts/application (0.3ms)
Completed 200 OK in 29ms (Views: 28.3ms | ActiveRecord: 0.0ms)


Started GET "/about" for ::1 at 2016-02-15 08:42:45 -0600
Processing by DogCareController#about as HTML
  Rendered dog_care/about.html.erb within layouts/application (0.4ms)
Completed 200 OK in 30ms (Views: 29.2ms | ActiveRecord: 0.0ms)


Started GET "/" for ::1 at 2016-02-15 08:42:46 -0600
Processing by DogCareController#index as HTML
  Rendered dog_care/index.html.erb within layouts/application (0.0ms)
Completed 200 OK in 29ms (Views: 29.1ms | ActiveRecord: 0.0ms)


Started GET "/" for 127.0.0.1 at 2016-02-15 08:54:04 -0600
Processing by DogCareController#index as HTML
  Rendered dog_care/index.html.erb within layouts/application (3.4ms)
Completed 500 Internal Server Error in 218ms (ActiveRecord: 0.0ms)

ActionView::Template::Error (Invalid CSS after " @import": expected file to import (string or url()), was ": "font-awesome";"):
    2: <html>
    3: <head>
    4:   <title>Doggie Daycare</title>
    5:   <%= stylesheet_link_tag    'application', media: 'all', 'data-turbolinks-track' => true %>
    6:   <%= javascript_include_tag 'application', 'data-turbolinks-track' => true %>
    7:   <%= csrf_meta_tags %>
    8:   <link rel="stylesheet" type="text/css" href="https://maxcdn.bootstrapcdn.com/bootstrap/3.3.6/css/bootstrap.min.css">
  app/assets/stylesheets/application.scss:1
  app/views/layouts/application.html.erb:5:in `_app_views_layouts_application_html_erb__2040652316399783291_70154256440080'


  Rendered /Users/cupcake3/.rvm/gems/ruby-2.2.1/gems/actionpack-4.2.5/lib/action_dispatch/middleware/templates/rescues/_source.erb (15.5ms)
  Rendered /Users/cupcake3/.rvm/gems/ruby-2.2.1/gems/actionpack-4.2.5/lib/action_dispatch/middleware/templates/rescues/_trace.html.erb (5.0ms)
  Rendered /Users/cupcake3/.rvm/gems/ruby-2.2.1/gems/actionpack-4.2.5/lib/action_dispatch/middleware/templates/rescues/_request_and_response.html.erb (1.2ms)
  Rendered /Users/cupcake3/.rvm/gems/ruby-2.2.1/gems/actionpack-4.2.5/lib/action_dispatch/middleware/templates/rescues/template_error.html.erb within rescues/layout (86.3ms)
  Rendered /Users/cupcake3/.rvm/gems/ruby-2.2.1/gems/web-console-2.3.0/lib/web_console/templates/_markup.html.erb (0.4ms)
  Rendered /Users/cupcake3/.rvm/gems/ruby-2.2.1/gems/web-console-2.3.0/lib/web_console/templates/_inner_console_markup.html.erb within layouts/inlined_string (0.4ms)
  Rendered /Users/cupcake3/.rvm/gems/ruby-2.2.1/gems/web-console-2.3.0/lib/web_console/templates/_prompt_box_markup.html.erb within layouts/inlined_string (0.3ms)
  Rendered /Users/cupcake3/.rvm/gems/ruby-2.2.1/gems/web-console-2.3.0/lib/web_console/templates/style.css.erb within layouts/inlined_string (0.9ms)
  Rendered /Users/cupcake3/.rvm/gems/ruby-2.2.1/gems/web-console-2.3.0/lib/web_console/templates/console.js.erb within layouts/javascript (81.4ms)
  Rendered /Users/cupcake3/.rvm/gems/ruby-2.2.1/gems/web-console-2.3.0/lib/web_console/templates/main.js.erb within layouts/javascript (0.3ms)
  Rendered /Users/cupcake3/.rvm/gems/ruby-2.2.1/gems/web-console-2.3.0/lib/web_console/templates/error_page.js.erb within layouts/javascript (0.7ms)
  Rendered /Users/cupcake3/.rvm/gems/ruby-2.2.1/gems/web-console-2.3.0/lib/web_console/templates/index.html.erb (164.2ms)


Started GET "/" for 127.0.0.1 at 2016-02-15 08:55:21 -0600
Processing by DogCareController#index as HTML
  Rendered dog_care/index.html.erb within layouts/application (0.1ms)
Completed 500 Internal Server Error in 32ms (ActiveRecord: 0.0ms)

ActionView::Template::Error (Invalid CSS after " @import": expected file to import (string or url()), was ": "font_awesome";"):
    2: <html>
    3: <head>
    4:   <title>Doggie Daycare</title>
    5:   <%= stylesheet_link_tag    'application', media: 'all', 'data-turbolinks-track' => true %>
    6:   <%= javascript_include_tag 'application', 'data-turbolinks-track' => true %>
    7:   <%= csrf_meta_tags %>
    8:   <link rel="stylesheet" type="text/css" href="https://maxcdn.bootstrapcdn.com/bootstrap/3.3.6/css/bootstrap.min.css">
  app/assets/stylesheets/application.scss:1
  app/views/layouts/application.html.erb:5:in `_app_views_layouts_application_html_erb__2040652316399783291_70154256440080'


  Rendered /Users/cupcake3/.rvm/gems/ruby-2.2.1/gems/actionpack-4.2.5/lib/action_dispatch/middleware/templates/rescues/_source.erb (10.6ms)
  Rendered /Users/cupcake3/.rvm/gems/ruby-2.2.1/gems/actionpack-4.2.5/lib/action_dispatch/middleware/templates/rescues/_trace.html.erb (4.0ms)
  Rendered /Users/cupcake3/.rvm/gems/ruby-2.2.1/gems/actionpack-4.2.5/lib/action_dispatch/middleware/templates/rescues/_request_and_response.html.erb (0.9ms)
  Rendered /Users/cupcake3/.rvm/gems/ruby-2.2.1/gems/actionpack-4.2.5/lib/action_dispatch/middleware/templates/rescues/template_error.html.erb within rescues/layout (77.3ms)
  Rendered /Users/cupcake3/.rvm/gems/ruby-2.2.1/gems/web-console-2.3.0/lib/web_console/templates/_markup.html.erb (0.4ms)
  Rendered /Users/cupcake3/.rvm/gems/ruby-2.2.1/gems/web-console-2.3.0/lib/web_console/templates/_inner_console_markup.html.erb within layouts/inlined_string (0.3ms)
  Rendered /Users/cupcake3/.rvm/gems/ruby-2.2.1/gems/web-console-2.3.0/lib/web_console/templates/_prompt_box_markup.html.erb within layouts/inlined_string (0.3ms)
  Rendered /Users/cupcake3/.rvm/gems/ruby-2.2.1/gems/web-console-2.3.0/lib/web_console/templates/style.css.erb within layouts/inlined_string (0.4ms)
  Rendered /Users/cupcake3/.rvm/gems/ruby-2.2.1/gems/web-console-2.3.0/lib/web_console/templates/console.js.erb within layouts/javascript (58.1ms)
  Rendered /Users/cupcake3/.rvm/gems/ruby-2.2.1/gems/web-console-2.3.0/lib/web_console/templates/main.js.erb within layouts/javascript (0.3ms)
  Rendered /Users/cupcake3/.rvm/gems/ruby-2.2.1/gems/web-console-2.3.0/lib/web_console/templates/error_page.js.erb within layouts/javascript (0.4ms)
  Rendered /Users/cupcake3/.rvm/gems/ruby-2.2.1/gems/web-console-2.3.0/lib/web_console/templates/index.html.erb (132.9ms)


Started GET "/" for 127.0.0.1 at 2016-02-15 08:56:48 -0600
Processing by DogCareController#index as HTML
  Rendered dog_care/index.html.erb within layouts/application (0.1ms)
Completed 200 OK in 1716ms (Views: 1715.5ms | ActiveRecord: 0.0ms)


Started GET "/" for 127.0.0.1 at 2016-02-15 08:58:08 -0600
Processing by DogCareController#index as HTML
  Rendered dog_care/index.html.erb within layouts/application (0.1ms)
Completed 200 OK in 35ms (Views: 34.0ms | ActiveRecord: 0.0ms)
  [1m[36m (13.0ms)[0m  [1mCREATE TABLE "schema_migrations" ("version" varchar NOT NULL) [0m
  [1m[35m (0.1ms)[0m  select sqlite_version(*)
  [1m[36m (12.1ms)[0m  [1mCREATE UNIQUE INDEX "unique_schema_migrations" ON "schema_migrations" ("version")[0m
  [1m[35mActiveRecord::SchemaMigration Load (0.1ms)[0m  SELECT "schema_migrations".* FROM "schema_migrations"
Migrating to CreateDogs (20160215150302)
  [1m[36m (0.1ms)[0m  [1mbegin transaction[0m
  [1m[35m (0.4ms)[0m  CREATE TABLE "dogs" ("id" INTEGER PRIMARY KEY AUTOINCREMENT NOT NULL, "name" varchar, "breed" varchar, "age" integer, "created_at" datetime NOT NULL, "updated_at" datetime NOT NULL) 
  [1m[36mSQL (0.2ms)[0m  [1mINSERT INTO "schema_migrations" ("version") VALUES (?)[0m  [["version", "20160215150302"]]
  [1m[35m (12.8ms)[0m  commit transaction
  [1m[36mActiveRecord::SchemaMigration Load (0.1ms)[0m  [1mSELECT "schema_migrations".* FROM "schema_migrations"[0m
  [1m[36mDog Load (3.5ms)[0m  [1mSELECT "dogs".* FROM "dogs"[0m
  [1m[35m (0.2ms)[0m  begin transaction
  [1m[36mSQL (0.5ms)[0m  [1mINSERT INTO "dogs" ("name", "breed", "age", "created_at", "updated_at") VALUES (?, ?, ?, ?, ?)[0m  [["name", "Harry"], ["breed", "Jack Russell Terrier"], ["age", 5], ["created_at", "2016-02-15 15:15:14.821679"], ["updated_at", "2016-02-15 15:15:14.821679"]]
  [1m[35m (12.9ms)[0m  commit transaction
  [1m[36mDog Load (0.2ms)[0m  [1mSELECT "dogs".* FROM "dogs"[0m
  [1m[35m (0.1ms)[0m  begin transaction
  [1m[36mSQL (0.3ms)[0m  [1mINSERT INTO "dogs" ("name", "breed", "age", "created_at", "updated_at") VALUES (?, ?, ?, ?, ?)[0m  [["name", "Stella"], ["breed", "Pointer mix"], ["age", 10], ["created_at", "2016-02-15 15:16:30.471158"], ["updated_at", "2016-02-15 15:16:30.471158"]]
  [1m[35m (16.4ms)[0m  commit transaction
  [1m[36mDog Load (0.2ms)[0m  [1mSELECT "dogs".* FROM "dogs"[0m


Started GET "/" for 127.0.0.1 at 2016-02-15 09:58:06 -0600
  [1m[36mActiveRecord::SchemaMigration Load (0.1ms)[0m  [1mSELECT "schema_migrations".* FROM "schema_migrations"[0m
Processing by DogCareController#index as HTML
  Rendered dog_care/index.html.erb within layouts/application (3.4ms)
Completed 200 OK in 1158ms (Views: 1145.0ms | ActiveRecord: 0.0ms)


Started GET "/dogs" for 127.0.0.1 at 2016-02-15 09:58:14 -0600
Processing by DogsController#index as HTML
  Rendered dogs/index.html.erb within layouts/application (0.4ms)
Completed 200 OK in 39ms (Views: 38.4ms | ActiveRecord: 0.0ms)


Started GET "/dogs" for 127.0.0.1 at 2016-02-15 10:14:08 -0600
Processing by DogsController#index as HTML
  [1m[35mDog Load (0.3ms)[0m  SELECT "dogs".* FROM "dogs"
  Rendered dogs/index.html.erb within layouts/application (6.0ms)
Completed 200 OK in 46ms (Views: 41.3ms | ActiveRecord: 0.6ms)


Started GET "/dogs" for 127.0.0.1 at 2016-02-15 10:14:44 -0600
Processing by DogsController#index as HTML
  [1m[36mDog Load (0.2ms)[0m  [1mSELECT "dogs".* FROM "dogs"[0m
  Rendered dogs/index.html.erb within layouts/application (1.3ms)
Completed 200 OK in 34ms (Views: 33.6ms | ActiveRecord: 0.2ms)


Started GET "/" for 127.0.0.1 at 2016-02-15 10:22:03 -0600
Processing by DogCareController#index as HTML
  Rendered dog_care/index.html.erb within layouts/application (0.3ms)
Completed 200 OK in 34ms (Views: 33.7ms | ActiveRecord: 0.0ms)


Started GET "/about" for 127.0.0.1 at 2016-02-15 10:22:05 -0600
Processing by DogCareController#about as HTML
  Rendered dog_care/about.html.erb within layouts/application (0.4ms)
Completed 200 OK in 37ms (Views: 36.9ms | ActiveRecord: 0.0ms)
